12/05/2012 17:22:18 org.apache.catalina.core.AprLifecycleListener init
INFO: The APR based Apache Tomcat Native library which allows optimal performance in production environments was not found on the java.library.path: C:\Program Files (x86)\Java\jdk1.6.0_24\bin;.;C:\Windows\Sun\Java\bin;C:\Windows\system32;C:\Windows;C:\Program Files (x86)\JetBrains\IntelliJ IDEA 11.1.1\bin\..\.\bin;C:\Windows\system32;C:\Windows;C:\Windows\System32\Wbem;C:\Windows\System32\WindowsPowerShell\v1.0\;C:\Program Files (x86)\Java\jdk1.6.0_24\bin;C:\Program Files (x86)\Common Files\Roxio Shared\DLLShared\;C:\Program Files (x86)\Common Files\Roxio Shared\10.0\DLLShared\;C:\Program Files\MATLAB\R2008b\bin;C:\Program Files\MATLAB\R2008b\bin\win64;C:\Program Files\TortoiseSVN\bin;C:\Program Files (x86)\apache-ant-1.8.2\bin;C:\Users\itay\IdeaProjects\undermind\release;C:\Program Files (x86)\QuickTime\QTSystem\;C:\Program Files (x86)\Git\cmd;C:\Program Files (x86)\apache-maven-3.0.4\bin;c:\program files (x86)\jetbrains\intellij idea 11.1.1\jre\jre\bin
12/05/2012 17:22:20 org.apache.coyote.AbstractProtocol init
INFO: Initializing ProtocolHandler ["http-bio-8080"]
12/05/2012 17:22:20 org.apache.coyote.AbstractProtocol init
INFO: Initializing ProtocolHandler ["ajp-bio-8009"]
12/05/2012 17:22:20 org.apache.catalina.startup.Catalina load
INFO: Initialization processed in 2633 ms
12/05/2012 17:22:20 org.apache.catalina.core.StandardService startInternal
INFO: Starting service Catalina
12/05/2012 17:22:20 org.apache.catalina.core.StandardEngine startInternal
INFO: Starting Servlet Engine: Apache Tomcat/7.0.27
12/05/2012 17:22:20 org.apache.catalina.startup.HostConfig deployDirectory
INFO: Deploying web application directory C:\Users\itay\IdeaProjects\shanitay\apache-tomcat-7.0.27\webapps\docs
12/05/2012 17:22:21 org.apache.catalina.startup.HostConfig deployDirectory
INFO: Deploying web application directory C:\Users\itay\IdeaProjects\shanitay\apache-tomcat-7.0.27\webapps\examples
12/05/2012 17:22:21 org.apache.catalina.startup.HostConfig deployDirectory
INFO: Deploying web application directory C:\Users\itay\IdeaProjects\shanitay\apache-tomcat-7.0.27\webapps\host-manager
12/05/2012 17:22:21 org.apache.catalina.startup.HostConfig deployDirectory
INFO: Deploying web application directory C:\Users\itay\IdeaProjects\shanitay\apache-tomcat-7.0.27\webapps\manager
12/05/2012 17:22:21 org.apache.catalina.startup.HostConfig deployDirectory
INFO: Deploying web application directory C:\Users\itay\IdeaProjects\shanitay\apache-tomcat-7.0.27\webapps\ROOT
12/05/2012 17:22:21 org.apache.catalina.startup.HostConfig deployDirectory
INFO: Deploying web application directory C:\Users\itay\IdeaProjects\shanitay\apache-tomcat-7.0.27\webapps\shanitay-1.0-SNAPSHOT
12/05/2012 17:22:22 org.apache.coyote.AbstractProtocol start
INFO: Starting ProtocolHandler ["http-bio-8080"]
12/05/2012 17:22:22 org.apache.coyote.AbstractProtocol start
INFO: Starting ProtocolHandler ["ajp-bio-8009"]
12/05/2012 17:22:22 org.apache.catalina.startup.Catalina start
INFO: Server startup in 1970 ms
12/05/2012 17:25:26 org.apache.catalina.core.AprLifecycleListener init
INFO: The APR based Apache Tomcat Native library which allows optimal performance in production environments was not found on the java.library.path: C:\Program Files (x86)\Java\jdk1.6.0_24\bin;.;C:\Windows\Sun\Java\bin;C:\Windows\system32;C:\Windows;C:\Program Files (x86)\JetBrains\IntelliJ IDEA 11.1.1\bin\..\.\bin;C:\Windows\system32;C:\Windows;C:\Windows\System32\Wbem;C:\Windows\System32\WindowsPowerShell\v1.0\;C:\Program Files (x86)\Java\jdk1.6.0_24\bin;C:\Program Files (x86)\Common Files\Roxio Shared\DLLShared\;C:\Program Files (x86)\Common Files\Roxio Shared\10.0\DLLShared\;C:\Program Files\MATLAB\R2008b\bin;C:\Program Files\MATLAB\R2008b\bin\win64;C:\Program Files\TortoiseSVN\bin;C:\Program Files (x86)\apache-ant-1.8.2\bin;C:\Users\itay\IdeaProjects\undermind\release;C:\Program Files (x86)\QuickTime\QTSystem\;C:\Program Files (x86)\Git\cmd;C:\Program Files (x86)\apache-maven-3.0.4\bin;c:\program files (x86)\jetbrains\intellij idea 11.1.1\jre\jre\bin
12/05/2012 17:25:26 org.apache.coyote.AbstractProtocol init
INFO: Initializing ProtocolHandler ["http-bio-8080"]
12/05/2012 17:25:26 org.apache.coyote.AbstractProtocol init
INFO: Initializing ProtocolHandler ["ajp-bio-8009"]
12/05/2012 17:25:26 org.apache.catalina.startup.Catalina load
INFO: Initialization processed in 950 ms
12/05/2012 17:25:26 org.apache.catalina.core.StandardService startInternal
INFO: Starting service Catalina
12/05/2012 17:25:26 org.apache.catalina.core.StandardEngine startInternal
INFO: Starting Servlet Engine: Apache Tomcat/7.0.27
12/05/2012 17:25:26 org.apache.catalina.startup.HostConfig deployDirectory
INFO: Deploying web application directory C:\Users\itay\IdeaProjects\shanitay\apache-tomcat-7.0.27\webapps\docs
12/05/2012 17:25:27 org.apache.catalina.startup.HostConfig deployDirectory
INFO: Deploying web application directory C:\Users\itay\IdeaProjects\shanitay\apache-tomcat-7.0.27\webapps\examples
12/05/2012 17:25:27 org.apache.catalina.startup.HostConfig deployDirectory
INFO: Deploying web application directory C:\Users\itay\IdeaProjects\shanitay\apache-tomcat-7.0.27\webapps\host-manager
12/05/2012 17:25:27 org.apache.catalina.startup.HostConfig deployDirectory
INFO: Deploying web application directory C:\Users\itay\IdeaProjects\shanitay\apache-tomcat-7.0.27\webapps\manager
12/05/2012 17:25:27 org.apache.catalina.startup.HostConfig deployDirectory
INFO: Deploying web application directory C:\Users\itay\IdeaProjects\shanitay\apache-tomcat-7.0.27\webapps\ROOT
12/05/2012 17:25:27 org.apache.catalina.startup.HostConfig deployDirectory
INFO: Deploying web application directory C:\Users\itay\IdeaProjects\shanitay\apache-tomcat-7.0.27\webapps\shanitay-1.0-SNAPSHOT
12/05/2012 17:25:27 org.apache.coyote.AbstractProtocol start
INFO: Starting ProtocolHandler ["http-bio-8080"]
12/05/2012 17:25:27 org.apache.coyote.AbstractProtocol start
INFO: Starting ProtocolHandler ["ajp-bio-8009"]
12/05/2012 17:25:27 org.apache.catalina.startup.Catalina start
INFO: Server startup in 936 ms
12/05/2012 17:34:27 org.apache.catalina.core.AprLifecycleListener init
INFO: The APR based Apache Tomcat Native library which allows optimal performance in production environments was not found on the java.library.path: C:\Program Files (x86)\Java\jdk1.6.0_24\bin;.;C:\Windows\Sun\Java\bin;C:\Windows\system32;C:\Windows;C:\Program Files (x86)\JetBrains\IntelliJ IDEA 11.1.1\bin\..\.\bin;C:\Windows\system32;C:\Windows;C:\Windows\System32\Wbem;C:\Windows\System32\WindowsPowerShell\v1.0\;C:\Program Files (x86)\Java\jdk1.6.0_24\bin;C:\Program Files (x86)\Common Files\Roxio Shared\DLLShared\;C:\Program Files (x86)\Common Files\Roxio Shared\10.0\DLLShared\;C:\Program Files\MATLAB\R2008b\bin;C:\Program Files\MATLAB\R2008b\bin\win64;C:\Program Files\TortoiseSVN\bin;C:\Program Files (x86)\apache-ant-1.8.2\bin;C:\Users\itay\IdeaProjects\undermind\release;C:\Program Files (x86)\QuickTime\QTSystem\;C:\Program Files (x86)\Git\cmd;C:\Program Files (x86)\apache-maven-3.0.4\bin;c:\program files (x86)\jetbrains\intellij idea 11.1.1\jre\jre\bin
12/05/2012 17:34:27 org.apache.coyote.AbstractProtocol init
INFO: Initializing ProtocolHandler ["http-bio-8080"]
12/05/2012 17:34:27 org.apache.coyote.AbstractProtocol init
INFO: Initializing ProtocolHandler ["ajp-bio-8009"]
12/05/2012 17:34:27 org.apache.catalina.startup.Catalina load
INFO: Initialization processed in 764 ms
12/05/2012 17:34:27 org.apache.catalina.core.StandardService startInternal
INFO: Starting service Catalina
12/05/2012 17:34:27 org.apache.catalina.core.StandardEngine startInternal
INFO: Starting Servlet Engine: Apache Tomcat/7.0.27
12/05/2012 17:34:27 org.apache.catalina.startup.HostConfig deployDirectory
INFO: Deploying web application directory C:\Users\itay\IdeaProjects\shanitay\apache-tomcat-7.0.27\webapps\docs
12/05/2012 17:34:28 org.apache.catalina.util.SessionIdGenerator createSecureRandom
INFO: Creation of SecureRandom instance for session ID generation using [SHA1PRNG] took [196] milliseconds.
12/05/2012 17:34:28 org.apache.catalina.startup.HostConfig deployDirectory
INFO: Deploying web application directory C:\Users\itay\IdeaProjects\shanitay\apache-tomcat-7.0.27\webapps\examples
12/05/2012 17:34:28 org.apache.catalina.startup.HostConfig deployDirectory
INFO: Deploying web application directory C:\Users\itay\IdeaProjects\shanitay\apache-tomcat-7.0.27\webapps\host-manager
12/05/2012 17:34:28 org.apache.catalina.startup.HostConfig deployDirectory
INFO: Deploying web application directory C:\Users\itay\IdeaProjects\shanitay\apache-tomcat-7.0.27\webapps\manager
12/05/2012 17:34:28 org.apache.catalina.startup.HostConfig deployDirectory
INFO: Deploying web application directory C:\Users\itay\IdeaProjects\shanitay\apache-tomcat-7.0.27\webapps\ROOT
12/05/2012 17:34:28 org.apache.catalina.startup.HostConfig deployDirectory
INFO: Deploying web application directory C:\Users\itay\IdeaProjects\shanitay\apache-tomcat-7.0.27\webapps\shanitay-1.0-SNAPSHOT
12/05/2012 17:34:29 org.apache.coyote.AbstractProtocol start
INFO: Starting ProtocolHandler ["http-bio-8080"]
12/05/2012 17:34:29 org.apache.coyote.AbstractProtocol start
INFO: Starting ProtocolHandler ["ajp-bio-8009"]
12/05/2012 17:34:29 org.apache.catalina.startup.Catalina start
INFO: Server startup in 1465 ms
12/05/2012 18:21:08 org.apache.catalina.core.AprLifecycleListener init
INFO: The APR based Apache Tomcat Native library which allows optimal performance in production environments was not found on the java.library.path: C:\Program Files (x86)\Java\jdk1.6.0_24\bin;.;C:\Windows\Sun\Java\bin;C:\Windows\system32;C:\Windows;C:\Program Files (x86)\JetBrains\IntelliJ IDEA 11.1.1\bin\..\.\bin;C:\Windows\system32;C:\Windows;C:\Windows\System32\Wbem;C:\Windows\System32\WindowsPowerShell\v1.0\;C:\Program Files (x86)\Java\jdk1.6.0_24\bin;C:\Program Files (x86)\Common Files\Roxio Shared\DLLShared\;C:\Program Files (x86)\Common Files\Roxio Shared\10.0\DLLShared\;C:\Program Files\MATLAB\R2008b\bin;C:\Program Files\MATLAB\R2008b\bin\win64;C:\Program Files\TortoiseSVN\bin;C:\Program Files (x86)\apache-ant-1.8.2\bin;C:\Users\itay\IdeaProjects\undermind\release;C:\Program Files (x86)\QuickTime\QTSystem\;C:\Program Files (x86)\Git\cmd;C:\Program Files (x86)\apache-maven-3.0.4\bin;c:\program files (x86)\jetbrains\intellij idea 11.1.1\jre\jre\bin
12/05/2012 18:21:08 org.apache.coyote.AbstractProtocol init
INFO: Initializing ProtocolHandler ["http-bio-8080"]
12/05/2012 18:21:08 org.apache.coyote.AbstractProtocol init
INFO: Initializing ProtocolHandler ["ajp-bio-8009"]
12/05/2012 18:21:08 org.apache.catalina.startup.Catalina load
INFO: Initialization processed in 902 ms
12/05/2012 18:21:08 org.apache.catalina.core.StandardService startInternal
INFO: Starting service Catalina
12/05/2012 18:21:08 org.apache.catalina.core.StandardEngine startInternal
INFO: Starting Servlet Engine: Apache Tomcat/7.0.27
12/05/2012 18:21:08 org.apache.catalina.startup.HostConfig deployDirectory
INFO: Deploying web application directory C:\Users\itay\IdeaProjects\shanitay\apache-tomcat-7.0.27\webapps\docs
12/05/2012 18:21:09 org.apache.catalina.startup.HostConfig deployDirectory
INFO: Deploying web application directory C:\Users\itay\IdeaProjects\shanitay\apache-tomcat-7.0.27\webapps\examples
12/05/2012 18:21:09 org.apache.catalina.startup.HostConfig deployDirectory
INFO: Deploying web application directory C:\Users\itay\IdeaProjects\shanitay\apache-tomcat-7.0.27\webapps\host-manager
12/05/2012 18:21:09 org.apache.catalina.startup.HostConfig deployDirectory
INFO: Deploying web application directory C:\Users\itay\IdeaProjects\shanitay\apache-tomcat-7.0.27\webapps\manager
12/05/2012 18:21:09 org.apache.catalina.startup.HostConfig deployDirectory
INFO: Deploying web application directory C:\Users\itay\IdeaProjects\shanitay\apache-tomcat-7.0.27\webapps\ROOT
12/05/2012 18:21:09 org.apache.catalina.startup.HostConfig deployDirectory
INFO: Deploying web application directory C:\Users\itay\IdeaProjects\shanitay\apache-tomcat-7.0.27\webapps\shanitay-1.0-SNAPSHOT
12/05/2012 18:21:09 org.apache.coyote.AbstractProtocol start
INFO: Starting ProtocolHandler ["http-bio-8080"]
12/05/2012 18:21:09 org.apache.coyote.AbstractProtocol start
INFO: Starting ProtocolHandler ["ajp-bio-8009"]
12/05/2012 18:21:09 org.apache.catalina.startup.Catalina start
INFO: Server startup in 911 ms
12/05/2012 18:24:44 org.apache.catalina.core.AprLifecycleListener init
INFO: The APR based Apache Tomcat Native library which allows optimal performance in production environments was not found on the java.library.path: C:\Program Files (x86)\Java\jdk1.6.0_24\bin;.;C:\Windows\Sun\Java\bin;C:\Windows\system32;C:\Windows;C:\Program Files (x86)\JetBrains\IntelliJ IDEA 11.1.1\bin\..\.\bin;C:\Windows\system32;C:\Windows;C:\Windows\System32\Wbem;C:\Windows\System32\WindowsPowerShell\v1.0\;C:\Program Files (x86)\Java\jdk1.6.0_24\bin;C:\Program Files (x86)\Common Files\Roxio Shared\DLLShared\;C:\Program Files (x86)\Common Files\Roxio Shared\10.0\DLLShared\;C:\Program Files\MATLAB\R2008b\bin;C:\Program Files\MATLAB\R2008b\bin\win64;C:\Program Files\TortoiseSVN\bin;C:\Program Files (x86)\apache-ant-1.8.2\bin;C:\Users\itay\IdeaProjects\undermind\release;C:\Program Files (x86)\QuickTime\QTSystem\;C:\Program Files (x86)\Git\cmd;C:\Program Files (x86)\apache-maven-3.0.4\bin;c:\program files (x86)\jetbrains\intellij idea 11.1.1\jre\jre\bin
12/05/2012 18:24:44 org.apache.coyote.AbstractProtocol init
INFO: Initializing ProtocolHandler ["http-bio-8080"]
12/05/2012 18:24:44 org.apache.coyote.AbstractProtocol init
INFO: Initializing ProtocolHandler ["ajp-bio-8009"]
12/05/2012 18:24:44 org.apache.catalina.startup.Catalina load
INFO: Initialization processed in 1017 ms
12/05/2012 18:24:45 org.apache.catalina.core.StandardService startInternal
INFO: Starting service Catalina
12/05/2012 18:24:45 org.apache.catalina.core.StandardEngine startInternal
INFO: Starting Servlet Engine: Apache Tomcat/7.0.27
12/05/2012 18:24:45 org.apache.catalina.startup.HostConfig deployDirectory
INFO: Deploying web application directory C:\Users\itay\IdeaProjects\shanitay\apache-tomcat-7.0.27\webapps\docs
12/05/2012 18:24:45 org.apache.catalina.startup.HostConfig deployDirectory
INFO: Deploying web application directory C:\Users\itay\IdeaProjects\shanitay\apache-tomcat-7.0.27\webapps\examples
12/05/2012 18:24:45 org.apache.catalina.startup.HostConfig deployDirectory
INFO: Deploying web application directory C:\Users\itay\IdeaProjects\shanitay\apache-tomcat-7.0.27\webapps\host-manager
12/05/2012 18:24:45 org.apache.catalina.startup.HostConfig deployDirectory
INFO: Deploying web application directory C:\Users\itay\IdeaProjects\shanitay\apache-tomcat-7.0.27\webapps\manager
12/05/2012 18:24:45 org.apache.catalina.startup.HostConfig deployDirectory
INFO: Deploying web application directory C:\Users\itay\IdeaProjects\shanitay\apache-tomcat-7.0.27\webapps\ROOT
12/05/2012 18:24:45 org.apache.catalina.startup.HostConfig deployDirectory
INFO: Deploying web application directory C:\Users\itay\IdeaProjects\shanitay\apache-tomcat-7.0.27\webapps\shanitay-1.0-SNAPSHOT
12/05/2012 18:24:46 org.apache.coyote.AbstractProtocol start
INFO: Starting ProtocolHandler ["http-bio-8080"]
12/05/2012 18:24:46 org.apache.coyote.AbstractProtocol start
INFO: Starting ProtocolHandler ["ajp-bio-8009"]
12/05/2012 18:24:46 org.apache.catalina.startup.Catalina start
INFO: Server startup in 1098 ms
12/05/2012 19:45:54 org.apache.catalina.core.AprLifecycleListener init
INFO: The APR based Apache Tomcat Native library which allows optimal performance in production environments was not found on the java.library.path: C:\Program Files (x86)\Java\jdk1.6.0_24\bin;.;C:\Windows\Sun\Java\bin;C:\Windows\system32;C:\Windows;C:\Program Files (x86)\JetBrains\IntelliJ IDEA 11.1.1\bin\..\.\bin;C:\Windows\system32;C:\Windows;C:\Windows\System32\Wbem;C:\Windows\System32\WindowsPowerShell\v1.0\;C:\Program Files (x86)\Java\jdk1.6.0_24\bin;C:\Program Files (x86)\Common Files\Roxio Shared\DLLShared\;C:\Program Files (x86)\Common Files\Roxio Shared\10.0\DLLShared\;C:\Program Files\MATLAB\R2008b\bin;C:\Program Files\MATLAB\R2008b\bin\win64;C:\Program Files\TortoiseSVN\bin;C:\Program Files (x86)\apache-ant-1.8.2\bin;C:\Users\itay\IdeaProjects\undermind\release;C:\Program Files (x86)\QuickTime\QTSystem\;C:\Program Files (x86)\Git\cmd;C:\Program Files (x86)\apache-maven-3.0.4\bin;c:\program files (x86)\jetbrains\intellij idea 11.1.1\jre\jre\bin
12/05/2012 19:45:54 org.apache.coyote.AbstractProtocol init
INFO: Initializing ProtocolHandler ["http-bio-8080"]
12/05/2012 19:45:54 org.apache.coyote.AbstractProtocol init
INFO: Initializing ProtocolHandler ["ajp-bio-8009"]
12/05/2012 19:45:54 org.apache.catalina.startup.Catalina load
INFO: Initialization processed in 958 ms
12/05/2012 19:45:54 org.apache.catalina.core.StandardService startInternal
INFO: Starting service Catalina
12/05/2012 19:45:54 org.apache.catalina.core.StandardEngine startInternal
INFO: Starting Servlet Engine: Apache Tomcat/7.0.27
12/05/2012 19:45:54 org.apache.catalina.startup.HostConfig deployDirectory
INFO: Deploying web application directory C:\Users\itay\IdeaProjects\shanitay\apache-tomcat-7.0.27\webapps\docs
12/05/2012 19:45:55 org.apache.catalina.util.SessionIdGenerator createSecureRandom
INFO: Creation of SecureRandom instance for session ID generation using [SHA1PRNG] took [170] milliseconds.
12/05/2012 19:45:55 org.apache.catalina.startup.HostConfig deployDirectory
INFO: Deploying web application directory C:\Users\itay\IdeaProjects\shanitay\apache-tomcat-7.0.27\webapps\examples
12/05/2012 19:45:55 org.apache.catalina.startup.HostConfig deployDirectory
INFO: Deploying web application directory C:\Users\itay\IdeaProjects\shanitay\apache-tomcat-7.0.27\webapps\host-manager
12/05/2012 19:45:55 org.apache.catalina.startup.HostConfig deployDirectory
INFO: Deploying web application directory C:\Users\itay\IdeaProjects\shanitay\apache-tomcat-7.0.27\webapps\manager
12/05/2012 19:45:55 org.apache.catalina.startup.HostConfig deployDirectory
INFO: Deploying web application directory C:\Users\itay\IdeaProjects\shanitay\apache-tomcat-7.0.27\webapps\ROOT
12/05/2012 19:45:55 org.apache.catalina.startup.HostConfig deployDirectory
INFO: Deploying web application directory C:\Users\itay\IdeaProjects\shanitay\apache-tomcat-7.0.27\webapps\shanitay-1.0-SNAPSHOT
12/05/2012 19:45:55 org.apache.coyote.AbstractProtocol start
INFO: Starting ProtocolHandler ["http-bio-8080"]
12/05/2012 19:45:55 org.apache.coyote.AbstractProtocol start
INFO: Starting ProtocolHandler ["ajp-bio-8009"]
12/05/2012 19:45:55 org.apache.catalina.startup.Catalina start
INFO: Server startup in 1147 ms
12/05/2012 20:02:30 org.apache.catalina.core.AprLifecycleListener init
INFO: The APR based Apache Tomcat Native library which allows optimal performance in production environments was not found on the java.library.path: C:\Program Files (x86)\Java\jdk1.6.0_24\bin;.;C:\Windows\Sun\Java\bin;C:\Windows\system32;C:\Windows;C:\Program Files (x86)\JetBrains\IntelliJ IDEA 11.1.1\bin\..\.\bin;C:\Windows\system32;C:\Windows;C:\Windows\System32\Wbem;C:\Windows\System32\WindowsPowerShell\v1.0\;C:\Program Files (x86)\Java\jdk1.6.0_24\bin;C:\Program Files (x86)\Common Files\Roxio Shared\DLLShared\;C:\Program Files (x86)\Common Files\Roxio Shared\10.0\DLLShared\;C:\Program Files\MATLAB\R2008b\bin;C:\Program Files\MATLAB\R2008b\bin\win64;C:\Program Files\TortoiseSVN\bin;C:\Program Files (x86)\apache-ant-1.8.2\bin;C:\Users\itay\IdeaProjects\undermind\release;C:\Program Files (x86)\QuickTime\QTSystem\;C:\Program Files (x86)\Git\cmd;C:\Program Files (x86)\apache-maven-3.0.4\bin;c:\program files (x86)\jetbrains\intellij idea 11.1.1\jre\jre\bin
12/05/2012 20:02:31 org.apache.coyote.AbstractProtocol init
INFO: Initializing ProtocolHandler ["http-bio-8080"]
12/05/2012 20:02:31 org.apache.coyote.AbstractProtocol init
INFO: Initializing ProtocolHandler ["ajp-bio-8009"]
12/05/2012 20:02:31 org.apache.catalina.startup.Catalina load
INFO: Initialization processed in 840 ms
12/05/2012 20:02:31 org.apache.catalina.core.StandardService startInternal
INFO: Starting service Catalina
12/05/2012 20:02:31 org.apache.catalina.core.StandardEngine startInternal
INFO: Starting Servlet Engine: Apache Tomcat/7.0.27
12/05/2012 20:02:31 org.apache.catalina.startup.HostConfig deployDirectory
INFO: Deploying web application directory C:\Users\itay\IdeaProjects\shanitay\apache-tomcat-7.0.27\webapps\docs
12/05/2012 20:02:31 org.apache.catalina.util.SessionIdGenerator createSecureRandom
INFO: Creation of SecureRandom instance for session ID generation using [SHA1PRNG] took [293] milliseconds.
12/05/2012 20:02:32 org.apache.catalina.startup.HostConfig deployDirectory
INFO: Deploying web application directory C:\Users\itay\IdeaProjects\shanitay\apache-tomcat-7.0.27\webapps\examples
12/05/2012 20:02:32 org.apache.catalina.startup.HostConfig deployDirectory
INFO: Deploying web application directory C:\Users\itay\IdeaProjects\shanitay\apache-tomcat-7.0.27\webapps\host-manager
12/05/2012 20:02:32 org.apache.catalina.startup.HostConfig deployDirectory
INFO: Deploying web application directory C:\Users\itay\IdeaProjects\shanitay\apache-tomcat-7.0.27\webapps\manager
12/05/2012 20:02:32 org.apache.catalina.startup.HostConfig deployDirectory
INFO: Deploying web application directory C:\Users\itay\IdeaProjects\shanitay\apache-tomcat-7.0.27\webapps\ROOT
12/05/2012 20:02:32 org.apache.catalina.startup.HostConfig deployDirectory
INFO: Deploying web application directory C:\Users\itay\IdeaProjects\shanitay\apache-tomcat-7.0.27\webapps\shanitay-1.0-SNAPSHOT
12/05/2012 20:02:32 org.apache.coyote.AbstractProtocol start
INFO: Starting ProtocolHandler ["http-bio-8080"]
12/05/2012 20:02:32 org.apache.coyote.AbstractProtocol start
INFO: Starting ProtocolHandler ["ajp-bio-8009"]
12/05/2012 20:02:32 org.apache.catalina.startup.Catalina start
INFO: Server startup in 1582 ms
12/05/2012 20:54:25 org.apache.catalina.core.AprLifecycleListener init
INFO: The APR based Apache Tomcat Native library which allows optimal performance in production environments was not found on the java.library.path: C:\Program Files (x86)\Java\jdk1.6.0_24\bin;.;C:\Windows\Sun\Java\bin;C:\Windows\system32;C:\Windows;C:\Program Files (x86)\JetBrains\IntelliJ IDEA 11.1.1\bin\..\.\bin;C:\Windows\system32;C:\Windows;C:\Windows\System32\Wbem;C:\Windows\System32\WindowsPowerShell\v1.0\;C:\Program Files (x86)\Java\jdk1.6.0_24\bin;C:\Program Files (x86)\Common Files\Roxio Shared\DLLShared\;C:\Program Files (x86)\Common Files\Roxio Shared\10.0\DLLShared\;C:\Program Files\MATLAB\R2008b\bin;C:\Program Files\MATLAB\R2008b\bin\win64;C:\Program Files\TortoiseSVN\bin;C:\Program Files (x86)\apache-ant-1.8.2\bin;C:\Users\itay\IdeaProjects\undermind\release;C:\Program Files (x86)\QuickTime\QTSystem\;C:\Program Files (x86)\Git\cmd;C:\Program Files (x86)\apache-maven-3.0.4\bin;c:\program files (x86)\jetbrains\intellij idea 11.1.1\jre\jre\bin
12/05/2012 20:54:25 org.apache.coyote.AbstractProtocol init
INFO: Initializing ProtocolHandler ["http-bio-8080"]
12/05/2012 20:54:25 org.apache.coyote.AbstractProtocol init
INFO: Initializing ProtocolHandler ["ajp-bio-8009"]
12/05/2012 20:54:25 org.apache.catalina.startup.Catalina load
INFO: Initialization processed in 789 ms
12/05/2012 20:54:25 org.apache.catalina.core.StandardService startInternal
INFO: Starting service Catalina
12/05/2012 20:54:25 org.apache.catalina.core.StandardEngine startInternal
INFO: Starting Servlet Engine: Apache Tomcat/7.0.27
12/05/2012 20:54:25 org.apache.catalina.startup.HostConfig deployDirectory
INFO: Deploying web application directory C:\Users\itay\IdeaProjects\shanitay\apache-tomcat-7.0.27\webapps\docs
12/05/2012 20:54:26 org.apache.catalina.startup.HostConfig deployDirectory
INFO: Deploying web application directory C:\Users\itay\IdeaProjects\shanitay\apache-tomcat-7.0.27\webapps\examples
12/05/2012 20:54:26 org.apache.catalina.startup.HostConfig deployDirectory
INFO: Deploying web application directory C:\Users\itay\IdeaProjects\shanitay\apache-tomcat-7.0.27\webapps\host-manager
12/05/2012 20:54:26 org.apache.catalina.startup.HostConfig deployDirectory
INFO: Deploying web application directory C:\Users\itay\IdeaProjects\shanitay\apache-tomcat-7.0.27\webapps\manager
12/05/2012 20:54:26 org.apache.catalina.startup.HostConfig deployDirectory
INFO: Deploying web application directory C:\Users\itay\IdeaProjects\shanitay\apache-tomcat-7.0.27\webapps\ROOT
12/05/2012 20:54:26 org.apache.catalina.startup.HostConfig deployDirectory
INFO: Deploying web application directory C:\Users\itay\IdeaProjects\shanitay\apache-tomcat-7.0.27\webapps\shanitay-1.0-SNAPSHOT
12/05/2012 20:54:26 org.apache.coyote.AbstractProtocol start
INFO: Starting ProtocolHandler ["http-bio-8080"]
12/05/2012 20:54:26 org.apache.coyote.AbstractProtocol start
INFO: Starting ProtocolHandler ["ajp-bio-8009"]
12/05/2012 20:54:26 org.apache.catalina.startup.Catalina start
INFO: Server startup in 897 ms
12/05/2012 21:56:08 org.apache.catalina.core.AprLifecycleListener init
INFO: The APR based Apache Tomcat Native library which allows optimal performance in production environments was not found on the java.library.path: C:\Program Files (x86)\Java\jdk1.6.0_24\bin;.;C:\Windows\Sun\Java\bin;C:\Windows\system32;C:\Windows;C:\Program Files (x86)\JetBrains\IntelliJ IDEA 11.1.1\bin\..\.\bin;C:\Windows\system32;C:\Windows;C:\Windows\System32\Wbem;C:\Windows\System32\WindowsPowerShell\v1.0\;C:\Program Files (x86)\Java\jdk1.6.0_24\bin;C:\Program Files (x86)\Common Files\Roxio Shared\DLLShared\;C:\Program Files (x86)\Common Files\Roxio Shared\10.0\DLLShared\;C:\Program Files\MATLAB\R2008b\bin;C:\Program Files\MATLAB\R2008b\bin\win64;C:\Program Files\TortoiseSVN\bin;C:\Program Files (x86)\apache-ant-1.8.2\bin;C:\Users\itay\IdeaProjects\undermind\release;C:\Program Files (x86)\QuickTime\QTSystem\;C:\Program Files (x86)\Git\cmd;C:\Program Files (x86)\apache-maven-3.0.4\bin;c:\program files (x86)\jetbrains\intellij idea 11.1.1\jre\jre\bin
12/05/2012 21:56:08 org.apache.coyote.AbstractProtocol init
INFO: Initializing ProtocolHandler ["http-bio-8080"]
12/05/2012 21:56:08 org.apache.coyote.AbstractProtocol init
INFO: Initializing ProtocolHandler ["ajp-bio-8009"]
12/05/2012 21:56:08 org.apache.catalina.startup.Catalina load
INFO: Initialization processed in 827 ms
12/05/2012 21:56:08 org.apache.catalina.core.StandardService startInternal
INFO: Starting service Catalina
12/05/2012 21:56:08 org.apache.catalina.core.StandardEngine startInternal
INFO: Starting Servlet Engine: Apache Tomcat/7.0.27
12/05/2012 21:56:09 org.apache.catalina.startup.HostConfig deployDirectory
INFO: Deploying web application directory C:\Users\itay\IdeaProjects\shanitay\apache-tomcat-7.0.27\webapps\docs
12/05/2012 21:56:10 org.apache.catalina.util.SessionIdGenerator createSecureRandom
INFO: Creation of SecureRandom instance for session ID generation using [SHA1PRNG] took [325] milliseconds.
12/05/2012 21:56:10 org.apache.catalina.startup.HostConfig deployDirectory
INFO: Deploying web application directory C:\Users\itay\IdeaProjects\shanitay\apache-tomcat-7.0.27\webapps\examples
12/05/2012 21:56:10 org.apache.catalina.startup.HostConfig deployDirectory
INFO: Deploying web application directory C:\Users\itay\IdeaProjects\shanitay\apache-tomcat-7.0.27\webapps\host-manager
12/05/2012 21:56:10 org.apache.catalina.startup.HostConfig deployDirectory
INFO: Deploying web application directory C:\Users\itay\IdeaProjects\shanitay\apache-tomcat-7.0.27\webapps\manager
12/05/2012 21:56:10 org.apache.catalina.startup.HostConfig deployDirectory
INFO: Deploying web application directory C:\Users\itay\IdeaProjects\shanitay\apache-tomcat-7.0.27\webapps\ROOT
12/05/2012 21:56:10 org.apache.catalina.startup.HostConfig deployDirectory
INFO: Deploying web application directory C:\Users\itay\IdeaProjects\shanitay\apache-tomcat-7.0.27\webapps\shanitay-1.0-SNAPSHOT
12/05/2012 21:56:10 org.apache.coyote.AbstractProtocol start
INFO: Starting ProtocolHandler ["http-bio-8080"]
12/05/2012 21:56:10 org.apache.coyote.AbstractProtocol start
INFO: Starting ProtocolHandler ["ajp-bio-8009"]
12/05/2012 21:56:10 org.apache.catalina.startup.Catalina start
INFO: Server startup in 1686 ms
12/05/2012 21:59:40 org.apache.catalina.core.AprLifecycleListener init
INFO: The APR based Apache Tomcat Native library which allows optimal performance in production environments was not found on the java.library.path: C:\Program Files (x86)\Java\jdk1.6.0_24\bin;.;C:\Windows\Sun\Java\bin;C:\Windows\system32;C:\Windows;C:\Program Files (x86)\JetBrains\IntelliJ IDEA 11.1.1\bin\..\.\bin;C:\Windows\system32;C:\Windows;C:\Windows\System32\Wbem;C:\Windows\System32\WindowsPowerShell\v1.0\;C:\Program Files (x86)\Java\jdk1.6.0_24\bin;C:\Program Files (x86)\Common Files\Roxio Shared\DLLShared\;C:\Program Files (x86)\Common Files\Roxio Shared\10.0\DLLShared\;C:\Program Files\MATLAB\R2008b\bin;C:\Program Files\MATLAB\R2008b\bin\win64;C:\Program Files\TortoiseSVN\bin;C:\Program Files (x86)\apache-ant-1.8.2\bin;C:\Users\itay\IdeaProjects\undermind\release;C:\Program Files (x86)\QuickTime\QTSystem\;C:\Program Files (x86)\Git\cmd;C:\Program Files (x86)\apache-maven-3.0.4\bin;c:\program files (x86)\jetbrains\intellij idea 11.1.1\jre\jre\bin
12/05/2012 21:59:41 org.apache.coyote.AbstractProtocol init
INFO: Initializing ProtocolHandler ["http-bio-8080"]
12/05/2012 21:59:41 org.apache.coyote.AbstractProtocol init
INFO: Initializing ProtocolHandler ["ajp-bio-8009"]
12/05/2012 21:59:41 org.apache.catalina.startup.Catalina load
INFO: Initialization processed in 900 ms
12/05/2012 21:59:41 org.apache.catalina.core.StandardService startInternal
INFO: Starting service Catalina
12/05/2012 21:59:41 org.apache.catalina.core.StandardEngine startInternal
INFO: Starting Servlet Engine: Apache Tomcat/7.0.27
12/05/2012 21:59:41 org.apache.catalina.startup.HostConfig deployDirectory
INFO: Deploying web application directory C:\Users\itay\IdeaProjects\shanitay\apache-tomcat-7.0.27\webapps\docs
12/05/2012 21:59:41 org.apache.catalina.startup.HostConfig deployDirectory
INFO: Deploying web application directory C:\Users\itay\IdeaProjects\shanitay\apache-tomcat-7.0.27\webapps\examples
12/05/2012 21:59:41 org.apache.catalina.startup.HostConfig deployDirectory
INFO: Deploying web application directory C:\Users\itay\IdeaProjects\shanitay\apache-tomcat-7.0.27\webapps\host-manager
12/05/2012 21:59:41 org.apache.catalina.startup.HostConfig deployDirectory
INFO: Deploying web application directory C:\Users\itay\IdeaProjects\shanitay\apache-tomcat-7.0.27\webapps\manager
12/05/2012 21:59:42 org.apache.catalina.startup.HostConfig deployDirectory
INFO: Deploying web application directory C:\Users\itay\IdeaProjects\shanitay\apache-tomcat-7.0.27\webapps\ROOT
12/05/2012 21:59:42 org.apache.catalina.startup.HostConfig deployDirectory
INFO: Deploying web application directory C:\Users\itay\IdeaProjects\shanitay\apache-tomcat-7.0.27\webapps\shanitay-1.0-SNAPSHOT
12/05/2012 21:59:42 org.apache.coyote.AbstractProtocol start
INFO: Starting ProtocolHandler ["http-bio-8080"]
12/05/2012 21:59:42 org.apache.coyote.AbstractProtocol start
INFO: Starting ProtocolHandler ["ajp-bio-8009"]
12/05/2012 21:59:42 org.apache.catalina.startup.Catalina start
INFO: Server startup in 1643 ms
