05/05/2012 01:33:12 org.apache.catalina.core.ApplicationContext log
INFO: ContextListener: contextInitialized()
05/05/2012 01:33:12 org.apache.catalina.core.ApplicationContext log
INFO: SessionListener: contextInitialized()
05/05/2012 01:33:12 org.apache.catalina.core.ApplicationContext log
INFO: ContextListener: attributeAdded('org.apache.jasper.compiler.TldLocationsCache', 'org.apache.jasper.compiler.TldLocationsCache@1682598')
05/05/2012 01:39:39 org.apache.catalina.core.ApplicationContext log
INFO: ContextListener: contextInitialized()
05/05/2012 01:39:39 org.apache.catalina.core.ApplicationContext log
INFO: SessionListener: contextInitialized()
05/05/2012 01:39:39 org.apache.catalina.core.ApplicationContext log
INFO: ContextListener: attributeAdded('org.apache.jasper.compiler.TldLocationsCache', 'org.apache.jasper.compiler.TldLocationsCache@1682598')
05/05/2012 01:44:00 org.apache.catalina.core.ApplicationContext log
INFO: ContextListener: contextInitialized()
05/05/2012 01:44:00 org.apache.catalina.core.ApplicationContext log
INFO: SessionListener: contextInitialized()
05/05/2012 01:44:00 org.apache.catalina.core.ApplicationContext log
INFO: ContextListener: attributeAdded('org.apache.jasper.compiler.TldLocationsCache', 'org.apache.jasper.compiler.TldLocationsCache@7c3885')
05/05/2012 01:44:38 org.apache.catalina.core.ApplicationContext log
INFO: ContextListener: contextInitialized()
05/05/2012 01:44:38 org.apache.catalina.core.ApplicationContext log
INFO: SessionListener: contextInitialized()
05/05/2012 01:44:38 org.apache.catalina.core.ApplicationContext log
INFO: ContextListener: attributeAdded('org.apache.jasper.compiler.TldLocationsCache', 'org.apache.jasper.compiler.TldLocationsCache@7c3885')
05/05/2012 01:45:09 org.apache.catalina.core.ApplicationContext log
INFO: ContextListener: contextInitialized()
05/05/2012 01:45:09 org.apache.catalina.core.ApplicationContext log
INFO: SessionListener: contextInitialized()
05/05/2012 01:45:09 org.apache.catalina.core.ApplicationContext log
INFO: ContextListener: attributeAdded('org.apache.jasper.compiler.TldLocationsCache', 'org.apache.jasper.compiler.TldLocationsCache@7c3885')
05/05/2012 02:14:11 org.apache.catalina.core.ApplicationContext log
INFO: ContextListener: contextInitialized()
05/05/2012 02:14:11 org.apache.catalina.core.ApplicationContext log
INFO: SessionListener: contextInitialized()
05/05/2012 02:14:11 org.apache.catalina.core.ApplicationContext log
INFO: ContextListener: attributeAdded('org.apache.jasper.compiler.TldLocationsCache', 'org.apache.jasper.compiler.TldLocationsCache@7c3885')
05/05/2012 02:27:01 org.apache.catalina.core.ApplicationContext log
INFO: ContextListener: contextInitialized()
05/05/2012 02:27:01 org.apache.catalina.core.ApplicationContext log
INFO: SessionListener: contextInitialized()
05/05/2012 02:27:01 org.apache.catalina.core.ApplicationContext log
INFO: ContextListener: attributeAdded('org.apache.jasper.compiler.TldLocationsCache', 'org.apache.jasper.compiler.TldLocationsCache@1682598')
05/05/2012 02:28:33 org.apache.catalina.core.ApplicationContext log
INFO: ContextListener: contextInitialized()
05/05/2012 02:28:33 org.apache.catalina.core.ApplicationContext log
INFO: SessionListener: contextInitialized()
05/05/2012 02:28:33 org.apache.catalina.core.ApplicationContext log
INFO: ContextListener: attributeAdded('org.apache.jasper.compiler.TldLocationsCache', 'org.apache.jasper.compiler.TldLocationsCache@7c3885')
05/05/2012 03:14:38 org.apache.catalina.core.ApplicationContext log
INFO: ContextListener: contextInitialized()
05/05/2012 03:14:38 org.apache.catalina.core.ApplicationContext log
INFO: SessionListener: contextInitialized()
05/05/2012 03:14:38 org.apache.catalina.core.ApplicationContext log
INFO: ContextListener: attributeAdded('org.apache.jasper.compiler.TldLocationsCache', 'org.apache.jasper.compiler.TldLocationsCache@1c9e67a')
05/05/2012 03:22:22 org.apache.catalina.core.ApplicationContext log
INFO: ContextListener: contextInitialized()
05/05/2012 03:22:22 org.apache.catalina.core.ApplicationContext log
INFO: SessionListener: contextInitialized()
05/05/2012 03:22:22 org.apache.catalina.core.ApplicationContext log
INFO: ContextListener: attributeAdded('org.apache.jasper.compiler.TldLocationsCache', 'org.apache.jasper.compiler.TldLocationsCache@109de5b')
05/05/2012 04:19:06 org.apache.catalina.core.ApplicationContext log
INFO: ContextListener: contextInitialized()
05/05/2012 04:19:06 org.apache.catalina.core.ApplicationContext log
INFO: SessionListener: contextInitialized()
05/05/2012 04:19:06 org.apache.catalina.core.ApplicationContext log
INFO: ContextListener: attributeAdded('org.apache.jasper.compiler.TldLocationsCache', 'org.apache.jasper.compiler.TldLocationsCache@1682598')
05/05/2012 04:21:48 org.apache.catalina.core.ApplicationContext log
INFO: ContextListener: contextInitialized()
05/05/2012 04:21:48 org.apache.catalina.core.ApplicationContext log
INFO: SessionListener: contextInitialized()
05/05/2012 04:21:48 org.apache.catalina.core.ApplicationContext log
INFO: ContextListener: attributeAdded('org.apache.jasper.compiler.TldLocationsCache', 'org.apache.jasper.compiler.TldLocationsCache@7c3885')
05/05/2012 04:21:48 org.apache.catalina.core.ApplicationContext log
INFO: SessionListener: contextDestroyed()
05/05/2012 04:21:48 org.apache.catalina.core.ApplicationContext log
INFO: ContextListener: contextDestroyed()
05/05/2012 04:26:28 org.apache.catalina.core.ApplicationContext log
INFO: ContextListener: contextInitialized()
05/05/2012 04:26:28 org.apache.catalina.core.ApplicationContext log
INFO: SessionListener: contextInitialized()
05/05/2012 04:26:28 org.apache.catalina.core.ApplicationContext log
INFO: ContextListener: attributeAdded('org.apache.jasper.compiler.TldLocationsCache', 'org.apache.jasper.compiler.TldLocationsCache@7c3885')
05/05/2012 04:32:40 org.apache.catalina.core.ApplicationContext log
INFO: ContextListener: contextInitialized()
05/05/2012 04:32:40 org.apache.catalina.core.ApplicationContext log
INFO: SessionListener: contextInitialized()
05/05/2012 04:32:40 org.apache.catalina.core.ApplicationContext log
INFO: ContextListener: attributeAdded('org.apache.jasper.compiler.TldLocationsCache', 'org.apache.jasper.compiler.TldLocationsCache@e53220')
05/05/2012 04:44:44 org.apache.catalina.core.ApplicationContext log
INFO: ContextListener: contextInitialized()
05/05/2012 04:44:44 org.apache.catalina.core.ApplicationContext log
INFO: SessionListener: contextInitialized()
05/05/2012 04:44:44 org.apache.catalina.core.ApplicationContext log
INFO: ContextListener: attributeAdded('org.apache.jasper.compiler.TldLocationsCache', 'org.apache.jasper.compiler.TldLocationsCache@162e295')
05/05/2012 04:44:44 org.apache.catalina.core.ApplicationContext log
INFO: SessionListener: contextDestroyed()
05/05/2012 04:44:44 org.apache.catalina.core.ApplicationContext log
INFO: ContextListener: contextDestroyed()
05/05/2012 21:55:06 org.apache.catalina.core.ApplicationContext log
INFO: ContextListener: contextInitialized()
05/05/2012 21:55:06 org.apache.catalina.core.ApplicationContext log
INFO: SessionListener: contextInitialized()
05/05/2012 21:55:06 org.apache.catalina.core.ApplicationContext log
INFO: ContextListener: attributeAdded('org.apache.jasper.compiler.TldLocationsCache', 'org.apache.jasper.compiler.TldLocationsCache@19ec4ed')
05/05/2012 21:59:00 org.apache.catalina.core.ApplicationContext log
INFO: ContextListener: contextInitialized()
05/05/2012 21:59:00 org.apache.catalina.core.ApplicationContext log
INFO: SessionListener: contextInitialized()
05/05/2012 21:59:00 org.apache.catalina.core.ApplicationContext log
INFO: ContextListener: attributeAdded('org.apache.jasper.compiler.TldLocationsCache', 'org.apache.jasper.compiler.TldLocationsCache@162e295')
05/05/2012 22:02:28 org.apache.catalina.core.ApplicationContext log
INFO: ContextListener: contextInitialized()
05/05/2012 22:02:28 org.apache.catalina.core.ApplicationContext log
INFO: SessionListener: contextInitialized()
05/05/2012 22:02:28 org.apache.catalina.core.ApplicationContext log
INFO: ContextListener: attributeAdded('org.apache.jasper.compiler.TldLocationsCache', 'org.apache.jasper.compiler.TldLocationsCache@7c3885')
05/05/2012 22:41:02 org.apache.catalina.core.ApplicationContext log
INFO: ContextListener: contextInitialized()
05/05/2012 22:41:02 org.apache.catalina.core.ApplicationContext log
INFO: SessionListener: contextInitialized()
05/05/2012 22:41:02 org.apache.catalina.core.ApplicationContext log
INFO: ContextListener: attributeAdded('org.apache.jasper.compiler.TldLocationsCache', 'org.apache.jasper.compiler.TldLocationsCache@1682598')
05/05/2012 22:44:00 org.apache.catalina.core.ApplicationContext log
INFO: ContextListener: contextInitialized()
05/05/2012 22:44:00 org.apache.catalina.core.ApplicationContext log
INFO: SessionListener: contextInitialized()
05/05/2012 22:44:00 org.apache.catalina.core.ApplicationContext log
INFO: ContextListener: attributeAdded('org.apache.jasper.compiler.TldLocationsCache', 'org.apache.jasper.compiler.TldLocationsCache@162e295')
05/05/2012 22:56:40 org.apache.catalina.core.ApplicationContext log
INFO: ContextListener: contextInitialized()
05/05/2012 22:56:40 org.apache.catalina.core.ApplicationContext log
INFO: SessionListener: contextInitialized()
05/05/2012 22:56:40 org.apache.catalina.core.ApplicationContext log
INFO: ContextListener: attributeAdded('org.apache.jasper.compiler.TldLocationsCache', 'org.apache.jasper.compiler.TldLocationsCache@1682598')
05/05/2012 23:00:19 org.apache.catalina.core.ApplicationContext log
INFO: ContextListener: contextInitialized()
05/05/2012 23:00:19 org.apache.catalina.core.ApplicationContext log
INFO: SessionListener: contextInitialized()
05/05/2012 23:00:19 org.apache.catalina.core.ApplicationContext log
INFO: ContextListener: attributeAdded('org.apache.jasper.compiler.TldLocationsCache', 'org.apache.jasper.compiler.TldLocationsCache@10fd7f6')
05/05/2012 23:06:39 org.apache.catalina.core.ApplicationContext log
INFO: ContextListener: contextInitialized()
05/05/2012 23:06:39 org.apache.catalina.core.ApplicationContext log
INFO: SessionListener: contextInitialized()
05/05/2012 23:06:39 org.apache.catalina.core.ApplicationContext log
INFO: ContextListener: attributeAdded('org.apache.jasper.compiler.TldLocationsCache', 'org.apache.jasper.compiler.TldLocationsCache@162e295')
05/05/2012 23:08:08 org.apache.catalina.core.ApplicationContext log
INFO: ContextListener: contextInitialized()
05/05/2012 23:08:08 org.apache.catalina.core.ApplicationContext log
INFO: SessionListener: contextInitialized()
05/05/2012 23:08:08 org.apache.catalina.core.ApplicationContext log
INFO: ContextListener: attributeAdded('org.apache.jasper.compiler.TldLocationsCache', 'org.apache.jasper.compiler.TldLocationsCache@7c3885')
05/05/2012 23:11:57 org.apache.catalina.core.ApplicationContext log
INFO: ContextListener: contextInitialized()
05/05/2012 23:11:57 org.apache.catalina.core.ApplicationContext log
INFO: SessionListener: contextInitialized()
05/05/2012 23:11:57 org.apache.catalina.core.ApplicationContext log
INFO: ContextListener: attributeAdded('org.apache.jasper.compiler.TldLocationsCache', 'org.apache.jasper.compiler.TldLocationsCache@1682598')
05/05/2012 23:14:19 org.apache.catalina.core.ApplicationContext log
INFO: ContextListener: contextInitialized()
05/05/2012 23:14:19 org.apache.catalina.core.ApplicationContext log
INFO: SessionListener: contextInitialized()
05/05/2012 23:14:19 org.apache.catalina.core.ApplicationContext log
INFO: ContextListener: attributeAdded('org.apache.jasper.compiler.TldLocationsCache', 'org.apache.jasper.compiler.TldLocationsCache@3257b8')
