06/05/2012 00:23:18 org.apache.catalina.core.AprLifecycleListener init
INFO: The APR based Apache Tomcat Native library which allows optimal performance in production environments was not found on the java.library.path: C:\Program Files (x86)\Java\jdk1.6.0_24\bin;.;C:\Windows\Sun\Java\bin;C:\Windows\system32;C:\Windows;C:\Program Files (x86)\JetBrains\IntelliJ IDEA 11.1.1\bin\..\.\bin;C:\Windows\system32;C:\Windows;C:\Windows\System32\Wbem;C:\Windows\System32\WindowsPowerShell\v1.0\;C:\Program Files (x86)\Java\jdk1.6.0_24\bin;C:\Program Files (x86)\Common Files\Roxio Shared\DLLShared\;C:\Program Files (x86)\Common Files\Roxio Shared\10.0\DLLShared\;C:\Program Files\MATLAB\R2008b\bin;C:\Program Files\MATLAB\R2008b\bin\win64;C:\Program Files\TortoiseSVN\bin;C:\Program Files (x86)\apache-ant-1.8.2\bin;C:\Users\itay\IdeaProjects\undermind\release;C:\Program Files (x86)\QuickTime\QTSystem\;C:\Program Files (x86)\Git\cmd;C:\Program Files (x86)\apache-maven-3.0.4\bin;c:\program files (x86)\jetbrains\intellij idea 11.1.1\jre\jre\bin
06/05/2012 00:23:18 org.apache.coyote.AbstractProtocol init
INFO: Initializing ProtocolHandler ["http-bio-8080"]
06/05/2012 00:23:18 org.apache.coyote.AbstractProtocol init
INFO: Initializing ProtocolHandler ["ajp-bio-8009"]
06/05/2012 00:23:18 org.apache.catalina.startup.Catalina load
INFO: Initialization processed in 1017 ms
06/05/2012 00:23:18 org.apache.catalina.core.StandardService startInternal
INFO: Starting service Catalina
06/05/2012 00:23:18 org.apache.catalina.core.StandardEngine startInternal
INFO: Starting Servlet Engine: Apache Tomcat/7.0.27
06/05/2012 00:23:18 org.apache.catalina.startup.HostConfig deployDirectory
INFO: Deploying web application directory C:\Users\itay\IdeaProjects\shanitay\apache-tomcat-7.0.27\webapps\docs
06/05/2012 00:23:20 org.apache.catalina.util.SessionIdGenerator createSecureRandom
INFO: Creation of SecureRandom instance for session ID generation using [SHA1PRNG] took [265] milliseconds.
06/05/2012 00:23:20 org.apache.catalina.startup.HostConfig deployDirectory
INFO: Deploying web application directory C:\Users\itay\IdeaProjects\shanitay\apache-tomcat-7.0.27\webapps\examples
06/05/2012 00:23:20 org.apache.catalina.startup.HostConfig deployDirectory
INFO: Deploying web application directory C:\Users\itay\IdeaProjects\shanitay\apache-tomcat-7.0.27\webapps\host-manager
06/05/2012 00:23:20 org.apache.catalina.startup.HostConfig deployDirectory
INFO: Deploying web application directory C:\Users\itay\IdeaProjects\shanitay\apache-tomcat-7.0.27\webapps\manager
06/05/2012 00:23:20 org.apache.catalina.startup.HostConfig deployDirectory
INFO: Deploying web application directory C:\Users\itay\IdeaProjects\shanitay\apache-tomcat-7.0.27\webapps\ROOT
06/05/2012 00:23:20 org.apache.catalina.startup.HostConfig deployDirectory
INFO: Deploying web application directory C:\Users\itay\IdeaProjects\shanitay\apache-tomcat-7.0.27\webapps\shanitay-1.0-SNAPSHOT
06/05/2012 00:23:20 org.apache.coyote.AbstractProtocol start
INFO: Starting ProtocolHandler ["http-bio-8080"]
06/05/2012 00:23:20 org.apache.coyote.AbstractProtocol start
INFO: Starting ProtocolHandler ["ajp-bio-8009"]
06/05/2012 00:23:20 org.apache.catalina.startup.Catalina start
INFO: Server startup in 1874 ms
06/05/2012 00:31:04 org.apache.catalina.core.AprLifecycleListener init
INFO: The APR based Apache Tomcat Native library which allows optimal performance in production environments was not found on the java.library.path: C:\Program Files (x86)\Java\jdk1.6.0_24\bin;.;C:\Windows\Sun\Java\bin;C:\Windows\system32;C:\Windows;C:\Program Files (x86)\JetBrains\IntelliJ IDEA 11.1.1\bin\..\.\bin;C:\Windows\system32;C:\Windows;C:\Windows\System32\Wbem;C:\Windows\System32\WindowsPowerShell\v1.0\;C:\Program Files (x86)\Java\jdk1.6.0_24\bin;C:\Program Files (x86)\Common Files\Roxio Shared\DLLShared\;C:\Program Files (x86)\Common Files\Roxio Shared\10.0\DLLShared\;C:\Program Files\MATLAB\R2008b\bin;C:\Program Files\MATLAB\R2008b\bin\win64;C:\Program Files\TortoiseSVN\bin;C:\Program Files (x86)\apache-ant-1.8.2\bin;C:\Users\itay\IdeaProjects\undermind\release;C:\Program Files (x86)\QuickTime\QTSystem\;C:\Program Files (x86)\Git\cmd;C:\Program Files (x86)\apache-maven-3.0.4\bin;c:\program files (x86)\jetbrains\intellij idea 11.1.1\jre\jre\bin
06/05/2012 00:31:05 org.apache.coyote.AbstractProtocol init
INFO: Initializing ProtocolHandler ["http-bio-8080"]
06/05/2012 00:31:05 org.apache.coyote.AbstractProtocol init
INFO: Initializing ProtocolHandler ["ajp-bio-8009"]
06/05/2012 00:31:05 org.apache.catalina.startup.Catalina load
INFO: Initialization processed in 1061 ms
06/05/2012 00:31:05 org.apache.catalina.core.StandardService startInternal
INFO: Starting service Catalina
06/05/2012 00:31:05 org.apache.catalina.core.StandardEngine startInternal
INFO: Starting Servlet Engine: Apache Tomcat/7.0.27
06/05/2012 00:31:05 org.apache.catalina.startup.HostConfig deployDirectory
INFO: Deploying web application directory C:\Users\itay\IdeaProjects\shanitay\apache-tomcat-7.0.27\webapps\docs
06/05/2012 00:31:06 org.apache.catalina.util.SessionIdGenerator createSecureRandom
INFO: Creation of SecureRandom instance for session ID generation using [SHA1PRNG] took [342] milliseconds.
06/05/2012 00:31:06 org.apache.catalina.startup.HostConfig deployDirectory
INFO: Deploying web application directory C:\Users\itay\IdeaProjects\shanitay\apache-tomcat-7.0.27\webapps\examples
06/05/2012 00:31:06 org.apache.catalina.startup.HostConfig deployDirectory
INFO: Deploying web application directory C:\Users\itay\IdeaProjects\shanitay\apache-tomcat-7.0.27\webapps\host-manager
06/05/2012 00:31:06 org.apache.catalina.startup.HostConfig deployDirectory
INFO: Deploying web application directory C:\Users\itay\IdeaProjects\shanitay\apache-tomcat-7.0.27\webapps\manager
06/05/2012 00:31:06 org.apache.catalina.startup.HostConfig deployDirectory
INFO: Deploying web application directory C:\Users\itay\IdeaProjects\shanitay\apache-tomcat-7.0.27\webapps\ROOT
06/05/2012 00:31:06 org.apache.catalina.startup.HostConfig deployDirectory
INFO: Deploying web application directory C:\Users\itay\IdeaProjects\shanitay\apache-tomcat-7.0.27\webapps\shanitay-1.0-SNAPSHOT
06/05/2012 00:31:06 org.apache.coyote.AbstractProtocol start
INFO: Starting ProtocolHandler ["http-bio-8080"]
06/05/2012 00:31:06 org.apache.coyote.AbstractProtocol start
INFO: Starting ProtocolHandler ["ajp-bio-8009"]
06/05/2012 00:31:06 org.apache.catalina.startup.Catalina start
INFO: Server startup in 1612 ms
06/05/2012 00:33:23 org.apache.catalina.core.AprLifecycleListener init
INFO: The APR based Apache Tomcat Native library which allows optimal performance in production environments was not found on the java.library.path: C:\Program Files (x86)\Java\jdk1.6.0_24\bin;.;C:\Windows\Sun\Java\bin;C:\Windows\system32;C:\Windows;C:\Program Files (x86)\JetBrains\IntelliJ IDEA 11.1.1\bin\..\.\bin;C:\Windows\system32;C:\Windows;C:\Windows\System32\Wbem;C:\Windows\System32\WindowsPowerShell\v1.0\;C:\Program Files (x86)\Java\jdk1.6.0_24\bin;C:\Program Files (x86)\Common Files\Roxio Shared\DLLShared\;C:\Program Files (x86)\Common Files\Roxio Shared\10.0\DLLShared\;C:\Program Files\MATLAB\R2008b\bin;C:\Program Files\MATLAB\R2008b\bin\win64;C:\Program Files\TortoiseSVN\bin;C:\Program Files (x86)\apache-ant-1.8.2\bin;C:\Users\itay\IdeaProjects\undermind\release;C:\Program Files (x86)\QuickTime\QTSystem\;C:\Program Files (x86)\Git\cmd;C:\Program Files (x86)\apache-maven-3.0.4\bin;c:\program files (x86)\jetbrains\intellij idea 11.1.1\jre\jre\bin
06/05/2012 00:33:23 org.apache.coyote.AbstractProtocol init
INFO: Initializing ProtocolHandler ["http-bio-8080"]
06/05/2012 00:33:23 org.apache.coyote.AbstractProtocol init
INFO: Initializing ProtocolHandler ["ajp-bio-8009"]
06/05/2012 00:33:23 org.apache.catalina.startup.Catalina load
INFO: Initialization processed in 705 ms
06/05/2012 00:33:23 org.apache.catalina.core.StandardService startInternal
INFO: Starting service Catalina
06/05/2012 00:33:23 org.apache.catalina.core.StandardEngine startInternal
INFO: Starting Servlet Engine: Apache Tomcat/7.0.27
06/05/2012 00:33:23 org.apache.catalina.startup.HostConfig deployDirectory
INFO: Deploying web application directory C:\Users\itay\IdeaProjects\shanitay\apache-tomcat-7.0.27\webapps\docs
06/05/2012 00:33:24 org.apache.catalina.startup.HostConfig deployDirectory
INFO: Deploying web application directory C:\Users\itay\IdeaProjects\shanitay\apache-tomcat-7.0.27\webapps\examples
06/05/2012 00:33:24 org.apache.catalina.startup.HostConfig deployDirectory
INFO: Deploying web application directory C:\Users\itay\IdeaProjects\shanitay\apache-tomcat-7.0.27\webapps\host-manager
06/05/2012 00:33:24 org.apache.catalina.startup.HostConfig deployDirectory
INFO: Deploying web application directory C:\Users\itay\IdeaProjects\shanitay\apache-tomcat-7.0.27\webapps\manager
06/05/2012 00:33:24 org.apache.catalina.startup.HostConfig deployDirectory
INFO: Deploying web application directory C:\Users\itay\IdeaProjects\shanitay\apache-tomcat-7.0.27\webapps\ROOT
06/05/2012 00:33:24 org.apache.catalina.startup.HostConfig deployDirectory
INFO: Deploying web application directory C:\Users\itay\IdeaProjects\shanitay\apache-tomcat-7.0.27\webapps\shanitay-1.0-SNAPSHOT
06/05/2012 00:33:24 org.apache.coyote.AbstractProtocol start
INFO: Starting ProtocolHandler ["http-bio-8080"]
06/05/2012 00:33:24 org.apache.coyote.AbstractProtocol start
INFO: Starting ProtocolHandler ["ajp-bio-8009"]
06/05/2012 00:33:24 org.apache.catalina.startup.Catalina start
INFO: Server startup in 1002 ms
06/05/2012 00:35:39 org.apache.catalina.core.AprLifecycleListener init
INFO: The APR based Apache Tomcat Native library which allows optimal performance in production environments was not found on the java.library.path: C:\Program Files (x86)\Java\jdk1.6.0_24\bin;.;C:\Windows\Sun\Java\bin;C:\Windows\system32;C:\Windows;C:\Program Files (x86)\JetBrains\IntelliJ IDEA 11.1.1\bin\..\.\bin;C:\Windows\system32;C:\Windows;C:\Windows\System32\Wbem;C:\Windows\System32\WindowsPowerShell\v1.0\;C:\Program Files (x86)\Java\jdk1.6.0_24\bin;C:\Program Files (x86)\Common Files\Roxio Shared\DLLShared\;C:\Program Files (x86)\Common Files\Roxio Shared\10.0\DLLShared\;C:\Program Files\MATLAB\R2008b\bin;C:\Program Files\MATLAB\R2008b\bin\win64;C:\Program Files\TortoiseSVN\bin;C:\Program Files (x86)\apache-ant-1.8.2\bin;C:\Users\itay\IdeaProjects\undermind\release;C:\Program Files (x86)\QuickTime\QTSystem\;C:\Program Files (x86)\Git\cmd;C:\Program Files (x86)\apache-maven-3.0.4\bin;c:\program files (x86)\jetbrains\intellij idea 11.1.1\jre\jre\bin
06/05/2012 00:35:40 org.apache.coyote.AbstractProtocol init
INFO: Initializing ProtocolHandler ["http-bio-8080"]
06/05/2012 00:35:40 org.apache.coyote.AbstractProtocol init
SEVERE: Failed to initialize end point associated with ProtocolHandler ["http-bio-8080"]
java.net.BindException: Address already in use: JVM_Bind <null>:8080
	at org.apache.tomcat.util.net.JIoEndpoint.bind(JIoEndpoint.java:393)
	at org.apache.tomcat.util.net.AbstractEndpoint.init(AbstractEndpoint.java:566)
	at org.apache.coyote.AbstractProtocol.init(AbstractProtocol.java:417)
	at org.apache.coyote.http11.AbstractHttp11JsseProtocol.init(AbstractHttp11JsseProtocol.java:119)
	at org.apache.catalina.connector.Connector.initInternal(Connector.java:956)
	at org.apache.catalina.util.LifecycleBase.init(LifecycleBase.java:102)
	at org.apache.catalina.core.StandardService.initInternal(StandardService.java:559)
	at org.apache.catalina.util.LifecycleBase.init(LifecycleBase.java:102)
	at org.apache.catalina.core.StandardServer.initInternal(StandardServer.java:814)
	at org.apache.catalina.util.LifecycleBase.init(LifecycleBase.java:102)
	at org.apache.catalina.startup.Catalina.load(Catalina.java:624)
	at org.apache.catalina.startup.Catalina.load(Catalina.java:649)
	at sun.reflect.NativeMethodAccessorImpl.invoke0(Native Method)
	at sun.reflect.NativeMethodAccessorImpl.invoke(NativeMethodAccessorImpl.java:39)
	at sun.reflect.DelegatingMethodAccessorImpl.invoke(DelegatingMethodAccessorImpl.java:25)
	at java.lang.reflect.Method.invoke(Method.java:597)
	at org.apache.catalina.startup.Bootstrap.load(Bootstrap.java:281)
	at org.apache.catalina.startup.Bootstrap.main(Bootstrap.java:449)
Caused by: java.net.BindException: Address already in use: JVM_Bind
	at java.net.PlainSocketImpl.socketBind(Native Method)
	at java.net.PlainSocketImpl.bind(PlainSocketImpl.java:383)
	at java.net.ServerSocket.bind(ServerSocket.java:328)
	at java.net.ServerSocket.<init>(ServerSocket.java:194)
	at java.net.ServerSocket.<init>(ServerSocket.java:150)
	at org.apache.tomcat.util.net.DefaultServerSocketFactory.createSocket(DefaultServerSocketFactory.java:49)
	at org.apache.tomcat.util.net.JIoEndpoint.bind(JIoEndpoint.java:380)
	... 17 more
06/05/2012 00:35:40 org.apache.catalina.core.StandardService initInternal
SEVERE: Failed to initialize connector [Connector[HTTP/1.1-8080]]
org.apache.catalina.LifecycleException: Failed to initialize component [Connector[HTTP/1.1-8080]]
	at org.apache.catalina.util.LifecycleBase.init(LifecycleBase.java:106)
	at org.apache.catalina.core.StandardService.initInternal(StandardService.java:559)
	at org.apache.catalina.util.LifecycleBase.init(LifecycleBase.java:102)
	at org.apache.catalina.core.StandardServer.initInternal(StandardServer.java:814)
	at org.apache.catalina.util.LifecycleBase.init(LifecycleBase.java:102)
	at org.apache.catalina.startup.Catalina.load(Catalina.java:624)
	at org.apache.catalina.startup.Catalina.load(Catalina.java:649)
	at sun.reflect.NativeMethodAccessorImpl.invoke0(Native Method)
	at sun.reflect.NativeMethodAccessorImpl.invoke(NativeMethodAccessorImpl.java:39)
	at sun.reflect.DelegatingMethodAccessorImpl.invoke(DelegatingMethodAccessorImpl.java:25)
	at java.lang.reflect.Method.invoke(Method.java:597)
	at org.apache.catalina.startup.Bootstrap.load(Bootstrap.java:281)
	at org.apache.catalina.startup.Bootstrap.main(Bootstrap.java:449)
Caused by: org.apache.catalina.LifecycleException: Protocol handler initialization failed
	at org.apache.catalina.connector.Connector.initInternal(Connector.java:958)
	at org.apache.catalina.util.LifecycleBase.init(LifecycleBase.java:102)
	... 12 more
Caused by: java.net.BindException: Address already in use: JVM_Bind <null>:8080
	at org.apache.tomcat.util.net.JIoEndpoint.bind(JIoEndpoint.java:393)
	at org.apache.tomcat.util.net.AbstractEndpoint.init(AbstractEndpoint.java:566)
	at org.apache.coyote.AbstractProtocol.init(AbstractProtocol.java:417)
	at org.apache.coyote.http11.AbstractHttp11JsseProtocol.init(AbstractHttp11JsseProtocol.java:119)
	at org.apache.catalina.connector.Connector.initInternal(Connector.java:956)
	... 13 more
Caused by: java.net.BindException: Address already in use: JVM_Bind
	at java.net.PlainSocketImpl.socketBind(Native Method)
	at java.net.PlainSocketImpl.bind(PlainSocketImpl.java:383)
	at java.net.ServerSocket.bind(ServerSocket.java:328)
	at java.net.ServerSocket.<init>(ServerSocket.java:194)
	at java.net.ServerSocket.<init>(ServerSocket.java:150)
	at org.apache.tomcat.util.net.DefaultServerSocketFactory.createSocket(DefaultServerSocketFactory.java:49)
	at org.apache.tomcat.util.net.JIoEndpoint.bind(JIoEndpoint.java:380)
	... 17 more
06/05/2012 00:35:40 org.apache.coyote.AbstractProtocol init
INFO: Initializing ProtocolHandler ["ajp-bio-8009"]
06/05/2012 00:35:40 org.apache.coyote.AbstractProtocol init
SEVERE: Failed to initialize end point associated with ProtocolHandler ["ajp-bio-8009"]
java.net.BindException: Address already in use: JVM_Bind <null>:8009
	at org.apache.tomcat.util.net.JIoEndpoint.bind(JIoEndpoint.java:393)
	at org.apache.tomcat.util.net.AbstractEndpoint.init(AbstractEndpoint.java:566)
	at org.apache.coyote.AbstractProtocol.init(AbstractProtocol.java:417)
	at org.apache.catalina.connector.Connector.initInternal(Connector.java:956)
	at org.apache.catalina.util.LifecycleBase.init(LifecycleBase.java:102)
	at org.apache.catalina.core.StandardService.initInternal(StandardService.java:559)
	at org.apache.catalina.util.LifecycleBase.init(LifecycleBase.java:102)
	at org.apache.catalina.core.StandardServer.initInternal(StandardServer.java:814)
	at org.apache.catalina.util.LifecycleBase.init(LifecycleBase.java:102)
	at org.apache.catalina.startup.Catalina.load(Catalina.java:624)
	at org.apache.catalina.startup.Catalina.load(Catalina.java:649)
	at sun.reflect.NativeMethodAccessorImpl.invoke0(Native Method)
	at sun.reflect.NativeMethodAccessorImpl.invoke(NativeMethodAccessorImpl.java:39)
	at sun.reflect.DelegatingMethodAccessorImpl.invoke(DelegatingMethodAccessorImpl.java:25)
	at java.lang.reflect.Method.invoke(Method.java:597)
	at org.apache.catalina.startup.Bootstrap.load(Bootstrap.java:281)
	at org.apache.catalina.startup.Bootstrap.main(Bootstrap.java:449)
Caused by: java.net.BindException: Address already in use: JVM_Bind
	at java.net.PlainSocketImpl.socketBind(Native Method)
	at java.net.PlainSocketImpl.bind(PlainSocketImpl.java:383)
	at java.net.ServerSocket.bind(ServerSocket.java:328)
	at java.net.ServerSocket.<init>(ServerSocket.java:194)
	at java.net.ServerSocket.<init>(ServerSocket.java:150)
	at org.apache.tomcat.util.net.DefaultServerSocketFactory.createSocket(DefaultServerSocketFactory.java:49)
	at org.apache.tomcat.util.net.JIoEndpoint.bind(JIoEndpoint.java:380)
	... 16 more
06/05/2012 00:35:40 org.apache.catalina.core.StandardService initInternal
SEVERE: Failed to initialize connector [Connector[AJP/1.3-8009]]
org.apache.catalina.LifecycleException: Failed to initialize component [Connector[AJP/1.3-8009]]
	at org.apache.catalina.util.LifecycleBase.init(LifecycleBase.java:106)
	at org.apache.catalina.core.StandardService.initInternal(StandardService.java:559)
	at org.apache.catalina.util.LifecycleBase.init(LifecycleBase.java:102)
	at org.apache.catalina.core.StandardServer.initInternal(StandardServer.java:814)
	at org.apache.catalina.util.LifecycleBase.init(LifecycleBase.java:102)
	at org.apache.catalina.startup.Catalina.load(Catalina.java:624)
	at org.apache.catalina.startup.Catalina.load(Catalina.java:649)
	at sun.reflect.NativeMethodAccessorImpl.invoke0(Native Method)
	at sun.reflect.NativeMethodAccessorImpl.invoke(NativeMethodAccessorImpl.java:39)
	at sun.reflect.DelegatingMethodAccessorImpl.invoke(DelegatingMethodAccessorImpl.java:25)
	at java.lang.reflect.Method.invoke(Method.java:597)
	at org.apache.catalina.startup.Bootstrap.load(Bootstrap.java:281)
	at org.apache.catalina.startup.Bootstrap.main(Bootstrap.java:449)
Caused by: org.apache.catalina.LifecycleException: Protocol handler initialization failed
	at org.apache.catalina.connector.Connector.initInternal(Connector.java:958)
	at org.apache.catalina.util.LifecycleBase.init(LifecycleBase.java:102)
	... 12 more
Caused by: java.net.BindException: Address already in use: JVM_Bind <null>:8009
	at org.apache.tomcat.util.net.JIoEndpoint.bind(JIoEndpoint.java:393)
	at org.apache.tomcat.util.net.AbstractEndpoint.init(AbstractEndpoint.java:566)
	at org.apache.coyote.AbstractProtocol.init(AbstractProtocol.java:417)
	at org.apache.catalina.connector.Connector.initInternal(Connector.java:956)
	... 13 more
Caused by: java.net.BindException: Address already in use: JVM_Bind
	at java.net.PlainSocketImpl.socketBind(Native Method)
	at java.net.PlainSocketImpl.bind(PlainSocketImpl.java:383)
	at java.net.ServerSocket.bind(ServerSocket.java:328)
	at java.net.ServerSocket.<init>(ServerSocket.java:194)
	at java.net.ServerSocket.<init>(ServerSocket.java:150)
	at org.apache.tomcat.util.net.DefaultServerSocketFactory.createSocket(DefaultServerSocketFactory.java:49)
	at org.apache.tomcat.util.net.JIoEndpoint.bind(JIoEndpoint.java:380)
	... 16 more
06/05/2012 00:35:40 org.apache.catalina.startup.Catalina load
INFO: Initialization processed in 1647 ms
06/05/2012 00:35:40 org.apache.catalina.core.StandardService startInternal
INFO: Starting service Catalina
06/05/2012 00:35:40 org.apache.catalina.core.StandardEngine startInternal
INFO: Starting Servlet Engine: Apache Tomcat/7.0.27
06/05/2012 00:35:40 org.apache.catalina.startup.HostConfig deployDirectory
INFO: Deploying web application directory C:\Users\itay\IdeaProjects\shanitay\apache-tomcat-7.0.27\webapps\docs
06/05/2012 00:35:41 org.apache.catalina.util.SessionIdGenerator createSecureRandom
INFO: Creation of SecureRandom instance for session ID generation using [SHA1PRNG] took [435] milliseconds.
06/05/2012 00:35:41 org.apache.catalina.startup.HostConfig deployDirectory
INFO: Deploying web application directory C:\Users\itay\IdeaProjects\shanitay\apache-tomcat-7.0.27\webapps\examples
06/05/2012 00:35:42 org.apache.catalina.startup.HostConfig deployDirectory
INFO: Deploying web application directory C:\Users\itay\IdeaProjects\shanitay\apache-tomcat-7.0.27\webapps\host-manager
06/05/2012 00:35:42 org.apache.catalina.startup.HostConfig deployDirectory
INFO: Deploying web application directory C:\Users\itay\IdeaProjects\shanitay\apache-tomcat-7.0.27\webapps\manager
06/05/2012 00:35:42 org.apache.catalina.startup.HostConfig deployDirectory
INFO: Deploying web application directory C:\Users\itay\IdeaProjects\shanitay\apache-tomcat-7.0.27\webapps\ROOT
06/05/2012 00:35:42 org.apache.catalina.startup.HostConfig deployDirectory
INFO: Deploying web application directory C:\Users\itay\IdeaProjects\shanitay\apache-tomcat-7.0.27\webapps\shanitay-1.0-SNAPSHOT
06/05/2012 00:35:42 org.apache.catalina.startup.Catalina start
INFO: Server startup in 1788 ms
06/05/2012 00:35:42 org.apache.catalina.core.StandardServer await
SEVERE: StandardServer.await: create[localhost:8005]: 
java.net.BindException: Address already in use: JVM_Bind
	at java.net.PlainSocketImpl.socketBind(Native Method)
	at java.net.PlainSocketImpl.bind(PlainSocketImpl.java:383)
	at java.net.ServerSocket.bind(ServerSocket.java:328)
	at java.net.ServerSocket.<init>(ServerSocket.java:194)
	at org.apache.catalina.core.StandardServer.await(StandardServer.java:427)
	at org.apache.catalina.startup.Catalina.await(Catalina.java:757)
	at org.apache.catalina.startup.Catalina.start(Catalina.java:703)
	at sun.reflect.NativeMethodAccessorImpl.invoke0(Native Method)
	at sun.reflect.NativeMethodAccessorImpl.invoke(NativeMethodAccessorImpl.java:39)
	at sun.reflect.DelegatingMethodAccessorImpl.invoke(DelegatingMethodAccessorImpl.java:25)
	at java.lang.reflect.Method.invoke(Method.java:597)
	at org.apache.catalina.startup.Bootstrap.start(Bootstrap.java:322)
	at org.apache.catalina.startup.Bootstrap.main(Bootstrap.java:450)
06/05/2012 00:35:42 org.apache.coyote.AbstractProtocol pause
INFO: Pausing ProtocolHandler ["http-bio-8080"]
06/05/2012 00:35:42 org.apache.coyote.AbstractProtocol pause
INFO: Pausing ProtocolHandler ["ajp-bio-8009"]
06/05/2012 00:35:42 org.apache.catalina.core.StandardService stopInternal
INFO: Stopping service Catalina
06/05/2012 00:35:42 org.apache.coyote.AbstractProtocol stop
INFO: Stopping ProtocolHandler ["http-bio-8080"]
06/05/2012 00:35:42 org.apache.coyote.AbstractProtocol destroy
INFO: Destroying ProtocolHandler ["http-bio-8080"]
06/05/2012 00:35:42 org.apache.coyote.AbstractProtocol stop
INFO: Stopping ProtocolHandler ["ajp-bio-8009"]
06/05/2012 00:35:42 org.apache.coyote.AbstractProtocol destroy
INFO: Destroying ProtocolHandler ["ajp-bio-8009"]
06/05/2012 00:35:44 org.apache.catalina.startup.HostConfig checkResources
INFO: Reloading context [/shanitay-1.0-SNAPSHOT]
06/05/2012 00:40:21 org.apache.catalina.core.AprLifecycleListener init
INFO: The APR based Apache Tomcat Native library which allows optimal performance in production environments was not found on the java.library.path: C:\Program Files (x86)\Java\jdk1.6.0_24\bin;.;C:\Windows\Sun\Java\bin;C:\Windows\system32;C:\Windows;C:\Program Files (x86)\JetBrains\IntelliJ IDEA 11.1.1\bin\..\.\bin;C:\Windows\system32;C:\Windows;C:\Windows\System32\Wbem;C:\Windows\System32\WindowsPowerShell\v1.0\;C:\Program Files (x86)\Java\jdk1.6.0_24\bin;C:\Program Files (x86)\Common Files\Roxio Shared\DLLShared\;C:\Program Files (x86)\Common Files\Roxio Shared\10.0\DLLShared\;C:\Program Files\MATLAB\R2008b\bin;C:\Program Files\MATLAB\R2008b\bin\win64;C:\Program Files\TortoiseSVN\bin;C:\Program Files (x86)\apache-ant-1.8.2\bin;C:\Users\itay\IdeaProjects\undermind\release;C:\Program Files (x86)\QuickTime\QTSystem\;C:\Program Files (x86)\Git\cmd;C:\Program Files (x86)\apache-maven-3.0.4\bin;c:\program files (x86)\jetbrains\intellij idea 11.1.1\jre\jre\bin
06/05/2012 00:40:22 org.apache.coyote.AbstractProtocol init
INFO: Initializing ProtocolHandler ["http-bio-8080"]
06/05/2012 00:40:22 org.apache.coyote.AbstractProtocol init
INFO: Initializing ProtocolHandler ["ajp-bio-8009"]
06/05/2012 00:40:22 org.apache.catalina.startup.Catalina load
INFO: Initialization processed in 729 ms
06/05/2012 00:40:22 org.apache.catalina.core.StandardService startInternal
INFO: Starting service Catalina
06/05/2012 00:40:22 org.apache.catalina.core.StandardEngine startInternal
INFO: Starting Servlet Engine: Apache Tomcat/7.0.27
06/05/2012 00:40:22 org.apache.catalina.startup.HostConfig deployDirectory
INFO: Deploying web application directory C:\Users\itay\IdeaProjects\shanitay\apache-tomcat-7.0.27\webapps\docs
06/05/2012 00:40:22 org.apache.catalina.startup.HostConfig deployDirectory
INFO: Deploying web application directory C:\Users\itay\IdeaProjects\shanitay\apache-tomcat-7.0.27\webapps\examples
06/05/2012 00:40:22 org.apache.catalina.startup.HostConfig deployDirectory
INFO: Deploying web application directory C:\Users\itay\IdeaProjects\shanitay\apache-tomcat-7.0.27\webapps\host-manager
06/05/2012 00:40:22 org.apache.catalina.startup.HostConfig deployDirectory
INFO: Deploying web application directory C:\Users\itay\IdeaProjects\shanitay\apache-tomcat-7.0.27\webapps\manager
06/05/2012 00:40:23 org.apache.catalina.startup.HostConfig deployDirectory
INFO: Deploying web application directory C:\Users\itay\IdeaProjects\shanitay\apache-tomcat-7.0.27\webapps\ROOT
06/05/2012 00:40:23 org.apache.catalina.startup.HostConfig deployDirectory
INFO: Deploying web application directory C:\Users\itay\IdeaProjects\shanitay\apache-tomcat-7.0.27\webapps\shanitay-1.0-SNAPSHOT
06/05/2012 00:40:23 org.apache.coyote.AbstractProtocol start
INFO: Starting ProtocolHandler ["http-bio-8080"]
06/05/2012 00:40:23 org.apache.coyote.AbstractProtocol start
INFO: Starting ProtocolHandler ["ajp-bio-8009"]
06/05/2012 00:40:23 org.apache.catalina.startup.Catalina start
INFO: Server startup in 977 ms
06/05/2012 00:53:19 org.apache.catalina.core.AprLifecycleListener init
INFO: The APR based Apache Tomcat Native library which allows optimal performance in production environments was not found on the java.library.path: C:\Program Files (x86)\Java\jdk1.6.0_24\bin;.;C:\Windows\Sun\Java\bin;C:\Windows\system32;C:\Windows;C:\Program Files (x86)\JetBrains\IntelliJ IDEA 11.1.1\bin\..\.\bin;C:\Windows\system32;C:\Windows;C:\Windows\System32\Wbem;C:\Windows\System32\WindowsPowerShell\v1.0\;C:\Program Files (x86)\Java\jdk1.6.0_24\bin;C:\Program Files (x86)\Common Files\Roxio Shared\DLLShared\;C:\Program Files (x86)\Common Files\Roxio Shared\10.0\DLLShared\;C:\Program Files\MATLAB\R2008b\bin;C:\Program Files\MATLAB\R2008b\bin\win64;C:\Program Files\TortoiseSVN\bin;C:\Program Files (x86)\apache-ant-1.8.2\bin;C:\Users\itay\IdeaProjects\undermind\release;C:\Program Files (x86)\QuickTime\QTSystem\;C:\Program Files (x86)\Git\cmd;C:\Program Files (x86)\apache-maven-3.0.4\bin;c:\program files (x86)\jetbrains\intellij idea 11.1.1\jre\jre\bin
06/05/2012 00:53:19 org.apache.coyote.AbstractProtocol init
INFO: Initializing ProtocolHandler ["http-bio-8080"]
06/05/2012 00:53:19 org.apache.coyote.AbstractProtocol init
INFO: Initializing ProtocolHandler ["ajp-bio-8009"]
06/05/2012 00:53:19 org.apache.catalina.startup.Catalina load
INFO: Initialization processed in 863 ms
06/05/2012 00:53:19 org.apache.catalina.core.StandardService startInternal
INFO: Starting service Catalina
06/05/2012 00:53:19 org.apache.catalina.core.StandardEngine startInternal
INFO: Starting Servlet Engine: Apache Tomcat/7.0.27
06/05/2012 00:53:19 org.apache.catalina.startup.HostConfig deployDirectory
INFO: Deploying web application directory C:\Users\itay\IdeaProjects\shanitay\apache-tomcat-7.0.27\webapps\docs
06/05/2012 00:53:20 org.apache.catalina.util.SessionIdGenerator createSecureRandom
INFO: Creation of SecureRandom instance for session ID generation using [SHA1PRNG] took [158] milliseconds.
06/05/2012 00:53:20 org.apache.catalina.startup.HostConfig deployDirectory
INFO: Deploying web application directory C:\Users\itay\IdeaProjects\shanitay\apache-tomcat-7.0.27\webapps\examples
06/05/2012 00:53:20 org.apache.catalina.startup.HostConfig deployDirectory
INFO: Deploying web application directory C:\Users\itay\IdeaProjects\shanitay\apache-tomcat-7.0.27\webapps\host-manager
06/05/2012 00:53:20 org.apache.catalina.startup.HostConfig deployDirectory
INFO: Deploying web application directory C:\Users\itay\IdeaProjects\shanitay\apache-tomcat-7.0.27\webapps\manager
06/05/2012 00:53:20 org.apache.catalina.startup.HostConfig deployDirectory
INFO: Deploying web application directory C:\Users\itay\IdeaProjects\shanitay\apache-tomcat-7.0.27\webapps\ROOT
06/05/2012 00:53:20 org.apache.catalina.startup.HostConfig deployDirectory
INFO: Deploying web application directory C:\Users\itay\IdeaProjects\shanitay\apache-tomcat-7.0.27\webapps\shanitay-1.0-SNAPSHOT
06/05/2012 00:53:20 org.apache.coyote.AbstractProtocol start
INFO: Starting ProtocolHandler ["http-bio-8080"]
06/05/2012 00:53:21 org.apache.coyote.AbstractProtocol start
INFO: Starting ProtocolHandler ["ajp-bio-8009"]
06/05/2012 00:53:21 org.apache.catalina.startup.Catalina start
INFO: Server startup in 1198 ms
06/05/2012 00:56:32 org.apache.catalina.core.AprLifecycleListener init
INFO: The APR based Apache Tomcat Native library which allows optimal performance in production environments was not found on the java.library.path: C:\Program Files (x86)\Java\jdk1.6.0_24\bin;.;C:\Windows\Sun\Java\bin;C:\Windows\system32;C:\Windows;C:\Program Files (x86)\JetBrains\IntelliJ IDEA 11.1.1\bin\..\.\bin;C:\Windows\system32;C:\Windows;C:\Windows\System32\Wbem;C:\Windows\System32\WindowsPowerShell\v1.0\;C:\Program Files (x86)\Java\jdk1.6.0_24\bin;C:\Program Files (x86)\Common Files\Roxio Shared\DLLShared\;C:\Program Files (x86)\Common Files\Roxio Shared\10.0\DLLShared\;C:\Program Files\MATLAB\R2008b\bin;C:\Program Files\MATLAB\R2008b\bin\win64;C:\Program Files\TortoiseSVN\bin;C:\Program Files (x86)\apache-ant-1.8.2\bin;C:\Users\itay\IdeaProjects\undermind\release;C:\Program Files (x86)\QuickTime\QTSystem\;C:\Program Files (x86)\Git\cmd;C:\Program Files (x86)\apache-maven-3.0.4\bin;c:\program files (x86)\jetbrains\intellij idea 11.1.1\jre\jre\bin
06/05/2012 00:56:32 org.apache.coyote.AbstractProtocol init
INFO: Initializing ProtocolHandler ["http-bio-8080"]
06/05/2012 00:56:32 org.apache.coyote.AbstractProtocol init
INFO: Initializing ProtocolHandler ["ajp-bio-8009"]
06/05/2012 00:56:32 org.apache.catalina.startup.Catalina load
INFO: Initialization processed in 797 ms
06/05/2012 00:56:32 org.apache.catalina.core.StandardService startInternal
INFO: Starting service Catalina
06/05/2012 00:56:33 org.apache.catalina.core.StandardEngine startInternal
INFO: Starting Servlet Engine: Apache Tomcat/7.0.27
06/05/2012 00:56:33 org.apache.catalina.startup.HostConfig deployDirectory
INFO: Deploying web application directory C:\Users\itay\IdeaProjects\shanitay\apache-tomcat-7.0.27\webapps\docs
06/05/2012 00:56:33 org.apache.catalina.util.SessionIdGenerator createSecureRandom
INFO: Creation of SecureRandom instance for session ID generation using [SHA1PRNG] took [248] milliseconds.
06/05/2012 00:56:33 org.apache.catalina.startup.HostConfig deployDirectory
INFO: Deploying web application directory C:\Users\itay\IdeaProjects\shanitay\apache-tomcat-7.0.27\webapps\examples
06/05/2012 00:56:33 org.apache.catalina.startup.HostConfig deployDirectory
INFO: Deploying web application directory C:\Users\itay\IdeaProjects\shanitay\apache-tomcat-7.0.27\webapps\host-manager
06/05/2012 00:56:33 org.apache.catalina.startup.HostConfig deployDirectory
INFO: Deploying web application directory C:\Users\itay\IdeaProjects\shanitay\apache-tomcat-7.0.27\webapps\manager
06/05/2012 00:56:34 org.apache.catalina.startup.HostConfig deployDirectory
INFO: Deploying web application directory C:\Users\itay\IdeaProjects\shanitay\apache-tomcat-7.0.27\webapps\ROOT
06/05/2012 00:56:34 org.apache.catalina.startup.HostConfig deployDirectory
INFO: Deploying web application directory C:\Users\itay\IdeaProjects\shanitay\apache-tomcat-7.0.27\webapps\shanitay-1.0-SNAPSHOT
06/05/2012 00:56:34 org.apache.coyote.AbstractProtocol start
INFO: Starting ProtocolHandler ["http-bio-8080"]
06/05/2012 00:56:34 org.apache.coyote.AbstractProtocol start
INFO: Starting ProtocolHandler ["ajp-bio-8009"]
06/05/2012 00:56:34 org.apache.catalina.startup.Catalina start
INFO: Server startup in 1263 ms
