17/05/2012 11:40:31 org.apache.catalina.core.AprLifecycleListener init
INFO: The APR based Apache Tomcat Native library which allows optimal performance in production environments was not found on the java.library.path: C:\Program Files (x86)\Java\jdk1.6.0_24\bin;.;C:\Windows\Sun\Java\bin;C:\Windows\system32;C:\Windows;C:\Windows\system32;C:\Windows;C:\Windows\System32\Wbem;C:\Windows\System32\WindowsPowerShell\v1.0\;C:\Program Files (x86)\Java\jdk1.6.0_24\bin;C:\Program Files (x86)\Common Files\Roxio Shared\DLLShared\;C:\Program Files (x86)\Common Files\Roxio Shared\10.0\DLLShared\;C:\Program Files\MATLAB\R2008b\bin;C:\Program Files\MATLAB\R2008b\bin\win64;C:\Program Files\TortoiseSVN\bin;C:\Program Files (x86)\apache-ant-1.8.2\bin;C:\Users\itay\IdeaProjects\undermind\release;C:\Program Files (x86)\QuickTime\QTSystem\;C:\Program Files (x86)\Git\cmd;C:\Program Files (x86)\apache-maven-3.0.4\bin
17/05/2012 11:40:32 org.apache.coyote.AbstractProtocol init
INFO: Initializing ProtocolHandler ["http-bio-8080"]
17/05/2012 11:40:32 org.apache.coyote.AbstractProtocol init
INFO: Initializing ProtocolHandler ["ajp-bio-8009"]
17/05/2012 11:40:32 org.apache.catalina.startup.Catalina load
INFO: Initialization processed in 2136 ms
17/05/2012 11:40:33 org.apache.catalina.core.StandardService startInternal
INFO: Starting service Catalina
17/05/2012 11:40:33 org.apache.catalina.core.StandardEngine startInternal
INFO: Starting Servlet Engine: Apache Tomcat/7.0.27
17/05/2012 11:40:33 org.apache.catalina.startup.HostConfig deployDirectory
INFO: Deploying web application directory C:\Users\itay\IdeaProjects\shanitay\apache-tomcat-7.0.27\webapps\docs
17/05/2012 11:40:33 org.apache.catalina.startup.HostConfig deployDirectory
INFO: Deploying web application directory C:\Users\itay\IdeaProjects\shanitay\apache-tomcat-7.0.27\webapps\examples
17/05/2012 11:40:34 org.apache.catalina.startup.HostConfig deployDirectory
INFO: Deploying web application directory C:\Users\itay\IdeaProjects\shanitay\apache-tomcat-7.0.27\webapps\host-manager
17/05/2012 11:40:34 org.apache.catalina.startup.HostConfig deployDirectory
INFO: Deploying web application directory C:\Users\itay\IdeaProjects\shanitay\apache-tomcat-7.0.27\webapps\manager
17/05/2012 11:40:34 org.apache.catalina.startup.HostConfig deployDirectory
INFO: Deploying web application directory C:\Users\itay\IdeaProjects\shanitay\apache-tomcat-7.0.27\webapps\ROOT
17/05/2012 11:40:34 org.apache.catalina.startup.HostConfig deployDirectory
INFO: Deploying web application directory C:\Users\itay\IdeaProjects\shanitay\apache-tomcat-7.0.27\webapps\shanitay-1.0-SNAPSHOT
17/05/2012 11:40:34 org.apache.coyote.AbstractProtocol start
INFO: Starting ProtocolHandler ["http-bio-8080"]
17/05/2012 11:40:34 org.apache.coyote.AbstractProtocol start
INFO: Starting ProtocolHandler ["ajp-bio-8009"]
17/05/2012 11:40:34 org.apache.catalina.startup.Catalina start
INFO: Server startup in 2053 ms
17/05/2012 11:55:32 org.apache.catalina.core.AprLifecycleListener init
INFO: The APR based Apache Tomcat Native library which allows optimal performance in production environments was not found on the java.library.path: C:\Program Files (x86)\Java\jdk1.6.0_24\bin;.;C:\Windows\Sun\Java\bin;C:\Windows\system32;C:\Windows;C:\Program Files (x86)\JetBrains\IntelliJ IDEA 11.1.1\bin\..\.\bin;C:\Windows\system32;C:\Windows;C:\Windows\System32\Wbem;C:\Windows\System32\WindowsPowerShell\v1.0\;C:\Program Files (x86)\Java\jdk1.6.0_24\bin;C:\Program Files (x86)\Common Files\Roxio Shared\DLLShared\;C:\Program Files (x86)\Common Files\Roxio Shared\10.0\DLLShared\;C:\Program Files\MATLAB\R2008b\bin;C:\Program Files\MATLAB\R2008b\bin\win64;C:\Program Files\TortoiseSVN\bin;C:\Program Files (x86)\apache-ant-1.8.2\bin;C:\Users\itay\IdeaProjects\undermind\release;C:\Program Files (x86)\QuickTime\QTSystem\;C:\Program Files (x86)\Git\cmd;C:\Program Files (x86)\apache-maven-3.0.4\bin;c:\program files (x86)\jetbrains\intellij idea 11.1.1\jre\jre\bin
17/05/2012 11:55:33 org.apache.coyote.AbstractProtocol init
INFO: Initializing ProtocolHandler ["http-bio-8080"]
17/05/2012 11:55:33 org.apache.coyote.AbstractProtocol init
INFO: Initializing ProtocolHandler ["ajp-bio-8009"]
17/05/2012 11:55:33 org.apache.catalina.startup.Catalina load
INFO: Initialization processed in 827 ms
17/05/2012 11:55:33 org.apache.catalina.core.StandardService startInternal
INFO: Starting service Catalina
17/05/2012 11:55:33 org.apache.catalina.core.StandardEngine startInternal
INFO: Starting Servlet Engine: Apache Tomcat/7.0.27
17/05/2012 11:55:33 org.apache.catalina.startup.HostConfig deployDirectory
INFO: Deploying web application directory C:\Users\itay\IdeaProjects\shanitay\apache-tomcat-7.0.27\webapps\docs
17/05/2012 11:55:33 org.apache.catalina.startup.HostConfig deployDirectory
INFO: Deploying web application directory C:\Users\itay\IdeaProjects\shanitay\apache-tomcat-7.0.27\webapps\examples
17/05/2012 11:55:33 org.apache.catalina.startup.HostConfig deployDirectory
INFO: Deploying web application directory C:\Users\itay\IdeaProjects\shanitay\apache-tomcat-7.0.27\webapps\host-manager
17/05/2012 11:55:34 org.apache.catalina.startup.HostConfig deployDirectory
INFO: Deploying web application directory C:\Users\itay\IdeaProjects\shanitay\apache-tomcat-7.0.27\webapps\manager
17/05/2012 11:55:34 org.apache.catalina.startup.HostConfig deployDirectory
INFO: Deploying web application directory C:\Users\itay\IdeaProjects\shanitay\apache-tomcat-7.0.27\webapps\ROOT
17/05/2012 11:55:34 org.apache.catalina.startup.HostConfig deployDirectory
INFO: Deploying web application directory C:\Users\itay\IdeaProjects\shanitay\apache-tomcat-7.0.27\webapps\shanitay-1.0-SNAPSHOT
17/05/2012 11:55:34 org.apache.coyote.AbstractProtocol start
INFO: Starting ProtocolHandler ["http-bio-8080"]
17/05/2012 11:55:34 org.apache.coyote.AbstractProtocol start
INFO: Starting ProtocolHandler ["ajp-bio-8009"]
17/05/2012 11:55:34 org.apache.catalina.startup.Catalina start
INFO: Server startup in 821 ms
17/05/2012 11:56:25 org.apache.catalina.core.AprLifecycleListener init
INFO: The APR based Apache Tomcat Native library which allows optimal performance in production environments was not found on the java.library.path: C:\Program Files (x86)\Java\jdk1.6.0_24\bin;.;C:\Windows\Sun\Java\bin;C:\Windows\system32;C:\Windows;C:\Windows\system32;C:\Windows;C:\Windows\System32\Wbem;C:\Windows\System32\WindowsPowerShell\v1.0\;C:\Program Files (x86)\Java\jdk1.6.0_24\bin;C:\Program Files (x86)\Common Files\Roxio Shared\DLLShared\;C:\Program Files (x86)\Common Files\Roxio Shared\10.0\DLLShared\;C:\Program Files\MATLAB\R2008b\bin;C:\Program Files\MATLAB\R2008b\bin\win64;C:\Program Files\TortoiseSVN\bin;C:\Program Files (x86)\apache-ant-1.8.2\bin;C:\Users\itay\IdeaProjects\undermind\release;C:\Program Files (x86)\QuickTime\QTSystem\;C:\Program Files (x86)\Git\cmd;C:\Program Files (x86)\apache-maven-3.0.4\bin
17/05/2012 11:56:25 org.apache.coyote.AbstractProtocol init
INFO: Initializing ProtocolHandler ["http-bio-8080"]
17/05/2012 11:56:25 org.apache.coyote.AbstractProtocol init
INFO: Initializing ProtocolHandler ["ajp-bio-8009"]
17/05/2012 11:56:25 org.apache.catalina.startup.Catalina load
INFO: Initialization processed in 615 ms
17/05/2012 11:56:25 org.apache.catalina.core.StandardService startInternal
INFO: Starting service Catalina
17/05/2012 11:56:25 org.apache.catalina.core.StandardEngine startInternal
INFO: Starting Servlet Engine: Apache Tomcat/7.0.27
17/05/2012 11:56:25 org.apache.catalina.startup.HostConfig deployDirectory
INFO: Deploying web application directory C:\Users\itay\IdeaProjects\shanitay\apache-tomcat-7.0.27\webapps\docs
17/05/2012 11:56:25 org.apache.catalina.startup.HostConfig deployDirectory
INFO: Deploying web application directory C:\Users\itay\IdeaProjects\shanitay\apache-tomcat-7.0.27\webapps\examples
17/05/2012 11:56:25 org.apache.catalina.startup.HostConfig deployDirectory
INFO: Deploying web application directory C:\Users\itay\IdeaProjects\shanitay\apache-tomcat-7.0.27\webapps\host-manager
17/05/2012 11:56:25 org.apache.catalina.startup.HostConfig deployDirectory
INFO: Deploying web application directory C:\Users\itay\IdeaProjects\shanitay\apache-tomcat-7.0.27\webapps\manager
17/05/2012 11:56:26 org.apache.catalina.startup.HostConfig deployDirectory
INFO: Deploying web application directory C:\Users\itay\IdeaProjects\shanitay\apache-tomcat-7.0.27\webapps\ROOT
17/05/2012 11:56:26 org.apache.catalina.startup.HostConfig deployDirectory
INFO: Deploying web application directory C:\Users\itay\IdeaProjects\shanitay\apache-tomcat-7.0.27\webapps\shanitay-1.0-SNAPSHOT
17/05/2012 11:56:26 org.apache.coyote.AbstractProtocol start
INFO: Starting ProtocolHandler ["http-bio-8080"]
17/05/2012 11:56:26 org.apache.coyote.AbstractProtocol start
INFO: Starting ProtocolHandler ["ajp-bio-8009"]
17/05/2012 11:56:26 org.apache.catalina.startup.Catalina start
INFO: Server startup in 721 ms
17/05/2012 11:58:17 org.apache.catalina.core.AprLifecycleListener init
INFO: The APR based Apache Tomcat Native library which allows optimal performance in production environments was not found on the java.library.path: C:\Program Files (x86)\Java\jdk1.6.0_24\bin;.;C:\Windows\Sun\Java\bin;C:\Windows\system32;C:\Windows;C:\Program Files (x86)\JetBrains\IntelliJ IDEA 11.1.1\bin\..\.\bin;C:\Windows\system32;C:\Windows;C:\Windows\System32\Wbem;C:\Windows\System32\WindowsPowerShell\v1.0\;C:\Program Files (x86)\Java\jdk1.6.0_24\bin;C:\Program Files (x86)\Common Files\Roxio Shared\DLLShared\;C:\Program Files (x86)\Common Files\Roxio Shared\10.0\DLLShared\;C:\Program Files\MATLAB\R2008b\bin;C:\Program Files\MATLAB\R2008b\bin\win64;C:\Program Files\TortoiseSVN\bin;C:\Program Files (x86)\apache-ant-1.8.2\bin;C:\Users\itay\IdeaProjects\undermind\release;C:\Program Files (x86)\QuickTime\QTSystem\;C:\Program Files (x86)\Git\cmd;C:\Program Files (x86)\apache-maven-3.0.4\bin;c:\program files (x86)\jetbrains\intellij idea 11.1.1\jre\jre\bin
17/05/2012 11:58:18 org.apache.coyote.AbstractProtocol init
INFO: Initializing ProtocolHandler ["http-bio-8080"]
17/05/2012 11:58:18 org.apache.coyote.AbstractProtocol init
INFO: Initializing ProtocolHandler ["ajp-bio-8009"]
17/05/2012 11:58:18 org.apache.catalina.startup.Catalina load
INFO: Initialization processed in 740 ms
17/05/2012 11:58:18 org.apache.catalina.core.StandardService startInternal
INFO: Starting service Catalina
17/05/2012 11:58:18 org.apache.catalina.core.StandardEngine startInternal
INFO: Starting Servlet Engine: Apache Tomcat/7.0.27
17/05/2012 11:58:18 org.apache.catalina.startup.HostConfig deployDirectory
INFO: Deploying web application directory C:\Users\itay\IdeaProjects\shanitay\apache-tomcat-7.0.27\webapps\docs
17/05/2012 11:58:18 org.apache.catalina.startup.HostConfig deployDirectory
INFO: Deploying web application directory C:\Users\itay\IdeaProjects\shanitay\apache-tomcat-7.0.27\webapps\examples
17/05/2012 11:58:18 org.apache.catalina.startup.HostConfig deployDirectory
INFO: Deploying web application directory C:\Users\itay\IdeaProjects\shanitay\apache-tomcat-7.0.27\webapps\host-manager
17/05/2012 11:58:18 org.apache.catalina.startup.HostConfig deployDirectory
INFO: Deploying web application directory C:\Users\itay\IdeaProjects\shanitay\apache-tomcat-7.0.27\webapps\manager
17/05/2012 11:58:19 org.apache.catalina.startup.HostConfig deployDirectory
INFO: Deploying web application directory C:\Users\itay\IdeaProjects\shanitay\apache-tomcat-7.0.27\webapps\ROOT
17/05/2012 11:58:19 org.apache.catalina.startup.HostConfig deployDirectory
INFO: Deploying web application directory C:\Users\itay\IdeaProjects\shanitay\apache-tomcat-7.0.27\webapps\shanitay-1.0-SNAPSHOT
17/05/2012 11:58:19 org.apache.coyote.AbstractProtocol start
INFO: Starting ProtocolHandler ["http-bio-8080"]
17/05/2012 11:58:19 org.apache.coyote.AbstractProtocol start
INFO: Starting ProtocolHandler ["ajp-bio-8009"]
17/05/2012 11:58:19 org.apache.catalina.startup.Catalina start
INFO: Server startup in 871 ms
17/05/2012 12:01:50 org.apache.catalina.core.AprLifecycleListener init
INFO: The APR based Apache Tomcat Native library which allows optimal performance in production environments was not found on the java.library.path: C:\Program Files (x86)\Java\jdk1.6.0_24\bin;.;C:\Windows\Sun\Java\bin;C:\Windows\system32;C:\Windows;C:\Program Files (x86)\JetBrains\IntelliJ IDEA 11.1.1\bin\..\.\bin;C:\Windows\system32;C:\Windows;C:\Windows\System32\Wbem;C:\Windows\System32\WindowsPowerShell\v1.0\;C:\Program Files (x86)\Java\jdk1.6.0_24\bin;C:\Program Files (x86)\Common Files\Roxio Shared\DLLShared\;C:\Program Files (x86)\Common Files\Roxio Shared\10.0\DLLShared\;C:\Program Files\MATLAB\R2008b\bin;C:\Program Files\MATLAB\R2008b\bin\win64;C:\Program Files\TortoiseSVN\bin;C:\Program Files (x86)\apache-ant-1.8.2\bin;C:\Users\itay\IdeaProjects\undermind\release;C:\Program Files (x86)\QuickTime\QTSystem\;C:\Program Files (x86)\Git\cmd;C:\Program Files (x86)\apache-maven-3.0.4\bin;c:\program files (x86)\jetbrains\intellij idea 11.1.1\jre\jre\bin
17/05/2012 12:01:51 org.apache.coyote.AbstractProtocol init
INFO: Initializing ProtocolHandler ["http-bio-8080"]
17/05/2012 12:01:51 org.apache.coyote.AbstractProtocol init
INFO: Initializing ProtocolHandler ["ajp-bio-8009"]
17/05/2012 12:01:51 org.apache.catalina.startup.Catalina load
INFO: Initialization processed in 942 ms
17/05/2012 12:01:51 org.apache.catalina.core.StandardService startInternal
INFO: Starting service Catalina
17/05/2012 12:01:51 org.apache.catalina.core.StandardEngine startInternal
INFO: Starting Servlet Engine: Apache Tomcat/7.0.27
17/05/2012 12:01:51 org.apache.catalina.startup.HostConfig deployDirectory
INFO: Deploying web application directory C:\Users\itay\IdeaProjects\shanitay\apache-tomcat-7.0.27\webapps\docs
17/05/2012 12:01:51 org.apache.catalina.util.SessionIdGenerator createSecureRandom
INFO: Creation of SecureRandom instance for session ID generation using [SHA1PRNG] took [116] milliseconds.
17/05/2012 12:01:51 org.apache.catalina.startup.HostConfig deployDirectory
INFO: Deploying web application directory C:\Users\itay\IdeaProjects\shanitay\apache-tomcat-7.0.27\webapps\examples
17/05/2012 12:01:52 org.apache.catalina.startup.HostConfig deployDirectory
INFO: Deploying web application directory C:\Users\itay\IdeaProjects\shanitay\apache-tomcat-7.0.27\webapps\host-manager
17/05/2012 12:01:52 org.apache.catalina.startup.HostConfig deployDirectory
INFO: Deploying web application directory C:\Users\itay\IdeaProjects\shanitay\apache-tomcat-7.0.27\webapps\manager
17/05/2012 12:01:52 org.apache.catalina.startup.HostConfig deployDirectory
INFO: Deploying web application directory C:\Users\itay\IdeaProjects\shanitay\apache-tomcat-7.0.27\webapps\ROOT
17/05/2012 12:01:52 org.apache.catalina.startup.HostConfig deployDirectory
INFO: Deploying web application directory C:\Users\itay\IdeaProjects\shanitay\apache-tomcat-7.0.27\webapps\shanitay-1.0-SNAPSHOT
17/05/2012 12:01:52 org.apache.coyote.AbstractProtocol start
INFO: Starting ProtocolHandler ["http-bio-8080"]
17/05/2012 12:01:52 org.apache.coyote.AbstractProtocol start
INFO: Starting ProtocolHandler ["ajp-bio-8009"]
17/05/2012 12:01:52 org.apache.catalina.startup.Catalina start
INFO: Server startup in 1093 ms
17/05/2012 12:08:45 org.apache.catalina.core.AprLifecycleListener init
INFO: The APR based Apache Tomcat Native library which allows optimal performance in production environments was not found on the java.library.path: C:\Program Files (x86)\Java\jdk1.6.0_24\bin;.;C:\Windows\Sun\Java\bin;C:\Windows\system32;C:\Windows;C:\Program Files (x86)\JetBrains\IntelliJ IDEA 11.1.1\bin\..\.\bin;C:\Windows\system32;C:\Windows;C:\Windows\System32\Wbem;C:\Windows\System32\WindowsPowerShell\v1.0\;C:\Program Files (x86)\Java\jdk1.6.0_24\bin;C:\Program Files (x86)\Common Files\Roxio Shared\DLLShared\;C:\Program Files (x86)\Common Files\Roxio Shared\10.0\DLLShared\;C:\Program Files\MATLAB\R2008b\bin;C:\Program Files\MATLAB\R2008b\bin\win64;C:\Program Files\TortoiseSVN\bin;C:\Program Files (x86)\apache-ant-1.8.2\bin;C:\Users\itay\IdeaProjects\undermind\release;C:\Program Files (x86)\QuickTime\QTSystem\;C:\Program Files (x86)\Git\cmd;C:\Program Files (x86)\apache-maven-3.0.4\bin;c:\program files (x86)\jetbrains\intellij idea 11.1.1\jre\jre\bin
17/05/2012 12:08:45 org.apache.coyote.AbstractProtocol init
INFO: Initializing ProtocolHandler ["http-bio-8080"]
17/05/2012 12:08:45 org.apache.coyote.AbstractProtocol init
INFO: Initializing ProtocolHandler ["ajp-bio-8009"]
17/05/2012 12:08:45 org.apache.catalina.startup.Catalina load
INFO: Initialization processed in 780 ms
17/05/2012 12:08:45 org.apache.catalina.core.StandardService startInternal
INFO: Starting service Catalina
17/05/2012 12:08:45 org.apache.catalina.core.StandardEngine startInternal
INFO: Starting Servlet Engine: Apache Tomcat/7.0.27
17/05/2012 12:08:45 org.apache.catalina.startup.HostConfig deployDirectory
INFO: Deploying web application directory C:\Users\itay\IdeaProjects\shanitay\apache-tomcat-7.0.27\webapps\docs
17/05/2012 12:08:46 org.apache.catalina.util.SessionIdGenerator createSecureRandom
INFO: Creation of SecureRandom instance for session ID generation using [SHA1PRNG] took [262] milliseconds.
17/05/2012 12:08:46 org.apache.catalina.startup.HostConfig deployDirectory
INFO: Deploying web application directory C:\Users\itay\IdeaProjects\shanitay\apache-tomcat-7.0.27\webapps\examples
17/05/2012 12:08:46 org.apache.catalina.startup.HostConfig deployDirectory
INFO: Deploying web application directory C:\Users\itay\IdeaProjects\shanitay\apache-tomcat-7.0.27\webapps\host-manager
17/05/2012 12:08:46 org.apache.catalina.startup.HostConfig deployDirectory
INFO: Deploying web application directory C:\Users\itay\IdeaProjects\shanitay\apache-tomcat-7.0.27\webapps\manager
17/05/2012 12:08:46 org.apache.catalina.startup.HostConfig deployDirectory
INFO: Deploying web application directory C:\Users\itay\IdeaProjects\shanitay\apache-tomcat-7.0.27\webapps\ROOT
17/05/2012 12:08:46 org.apache.catalina.startup.HostConfig deployDirectory
INFO: Deploying web application directory C:\Users\itay\IdeaProjects\shanitay\apache-tomcat-7.0.27\webapps\shanitay-1.0-SNAPSHOT
17/05/2012 12:08:47 org.apache.coyote.AbstractProtocol start
INFO: Starting ProtocolHandler ["http-bio-8080"]
17/05/2012 12:08:47 org.apache.coyote.AbstractProtocol start
INFO: Starting ProtocolHandler ["ajp-bio-8009"]
17/05/2012 12:08:47 org.apache.catalina.startup.Catalina start
INFO: Server startup in 1700 ms
17/05/2012 12:19:48 org.apache.catalina.core.AprLifecycleListener init
INFO: The APR based Apache Tomcat Native library which allows optimal performance in production environments was not found on the java.library.path: C:\Program Files (x86)\Java\jdk1.6.0_24\bin;.;C:\Windows\Sun\Java\bin;C:\Windows\system32;C:\Windows;C:\Program Files (x86)\JetBrains\IntelliJ IDEA 11.1.1\bin\..\.\bin;C:\Windows\system32;C:\Windows;C:\Windows\System32\Wbem;C:\Windows\System32\WindowsPowerShell\v1.0\;C:\Program Files (x86)\Java\jdk1.6.0_24\bin;C:\Program Files (x86)\Common Files\Roxio Shared\DLLShared\;C:\Program Files (x86)\Common Files\Roxio Shared\10.0\DLLShared\;C:\Program Files\MATLAB\R2008b\bin;C:\Program Files\MATLAB\R2008b\bin\win64;C:\Program Files\TortoiseSVN\bin;C:\Program Files (x86)\apache-ant-1.8.2\bin;C:\Users\itay\IdeaProjects\undermind\release;C:\Program Files (x86)\QuickTime\QTSystem\;C:\Program Files (x86)\Git\cmd;C:\Program Files (x86)\apache-maven-3.0.4\bin;c:\program files (x86)\jetbrains\intellij idea 11.1.1\jre\jre\bin
17/05/2012 12:19:49 org.apache.coyote.AbstractProtocol init
INFO: Initializing ProtocolHandler ["http-bio-8080"]
17/05/2012 12:19:49 org.apache.coyote.AbstractProtocol init
INFO: Initializing ProtocolHandler ["ajp-bio-8009"]
17/05/2012 12:19:49 org.apache.catalina.startup.Catalina load
INFO: Initialization processed in 1476 ms
17/05/2012 12:19:49 org.apache.catalina.core.StandardService startInternal
INFO: Starting service Catalina
17/05/2012 12:19:49 org.apache.catalina.core.StandardEngine startInternal
INFO: Starting Servlet Engine: Apache Tomcat/7.0.27
17/05/2012 12:19:50 org.apache.catalina.startup.HostConfig deployDirectory
INFO: Deploying web application directory C:\Users\itay\IdeaProjects\shanitay\apache-tomcat-7.0.27\webapps\docs
17/05/2012 12:19:50 org.apache.catalina.util.SessionIdGenerator createSecureRandom
INFO: Creation of SecureRandom instance for session ID generation using [SHA1PRNG] took [234] milliseconds.
17/05/2012 12:19:50 org.apache.catalina.startup.HostConfig deployDirectory
INFO: Deploying web application directory C:\Users\itay\IdeaProjects\shanitay\apache-tomcat-7.0.27\webapps\examples
17/05/2012 12:19:50 org.apache.catalina.startup.HostConfig deployDirectory
INFO: Deploying web application directory C:\Users\itay\IdeaProjects\shanitay\apache-tomcat-7.0.27\webapps\host-manager
17/05/2012 12:19:50 org.apache.catalina.startup.HostConfig deployDirectory
INFO: Deploying web application directory C:\Users\itay\IdeaProjects\shanitay\apache-tomcat-7.0.27\webapps\manager
17/05/2012 12:19:50 org.apache.catalina.startup.HostConfig deployDirectory
INFO: Deploying web application directory C:\Users\itay\IdeaProjects\shanitay\apache-tomcat-7.0.27\webapps\ROOT
17/05/2012 12:19:50 org.apache.catalina.startup.HostConfig deployDirectory
INFO: Deploying web application directory C:\Users\itay\IdeaProjects\shanitay\apache-tomcat-7.0.27\webapps\shanitay-1.0-SNAPSHOT
17/05/2012 12:19:51 org.apache.coyote.AbstractProtocol start
INFO: Starting ProtocolHandler ["http-bio-8080"]
17/05/2012 12:19:51 org.apache.coyote.AbstractProtocol start
INFO: Starting ProtocolHandler ["ajp-bio-8009"]
17/05/2012 12:19:51 org.apache.catalina.startup.Catalina start
INFO: Server startup in 1750 ms
17/05/2012 12:27:28 org.apache.catalina.core.AprLifecycleListener init
INFO: The APR based Apache Tomcat Native library which allows optimal performance in production environments was not found on the java.library.path: C:\Program Files (x86)\Java\jdk1.6.0_24\bin;.;C:\Windows\Sun\Java\bin;C:\Windows\system32;C:\Windows;C:\Program Files (x86)\JetBrains\IntelliJ IDEA 11.1.1\bin\..\.\bin;C:\Windows\system32;C:\Windows;C:\Windows\System32\Wbem;C:\Windows\System32\WindowsPowerShell\v1.0\;C:\Program Files (x86)\Java\jdk1.6.0_24\bin;C:\Program Files (x86)\Common Files\Roxio Shared\DLLShared\;C:\Program Files (x86)\Common Files\Roxio Shared\10.0\DLLShared\;C:\Program Files\MATLAB\R2008b\bin;C:\Program Files\MATLAB\R2008b\bin\win64;C:\Program Files\TortoiseSVN\bin;C:\Program Files (x86)\apache-ant-1.8.2\bin;C:\Users\itay\IdeaProjects\undermind\release;C:\Program Files (x86)\QuickTime\QTSystem\;C:\Program Files (x86)\Git\cmd;C:\Program Files (x86)\apache-maven-3.0.4\bin;c:\program files (x86)\jetbrains\intellij idea 11.1.1\jre\jre\bin
17/05/2012 12:27:29 org.apache.coyote.AbstractProtocol init
INFO: Initializing ProtocolHandler ["http-bio-8080"]
17/05/2012 12:27:29 org.apache.coyote.AbstractProtocol init
INFO: Initializing ProtocolHandler ["ajp-bio-8009"]
17/05/2012 12:27:29 org.apache.catalina.startup.Catalina load
INFO: Initialization processed in 1055 ms
17/05/2012 12:27:29 org.apache.catalina.core.StandardService startInternal
INFO: Starting service Catalina
17/05/2012 12:27:29 org.apache.catalina.core.StandardEngine startInternal
INFO: Starting Servlet Engine: Apache Tomcat/7.0.27
17/05/2012 12:27:29 org.apache.catalina.startup.HostConfig deployDirectory
INFO: Deploying web application directory C:\Users\itay\IdeaProjects\shanitay\apache-tomcat-7.0.27\webapps\docs
17/05/2012 12:27:29 org.apache.catalina.startup.HostConfig deployDirectory
INFO: Deploying web application directory C:\Users\itay\IdeaProjects\shanitay\apache-tomcat-7.0.27\webapps\examples
17/05/2012 12:27:30 org.apache.catalina.startup.HostConfig deployDirectory
INFO: Deploying web application directory C:\Users\itay\IdeaProjects\shanitay\apache-tomcat-7.0.27\webapps\host-manager
17/05/2012 12:27:30 org.apache.catalina.startup.HostConfig deployDirectory
INFO: Deploying web application directory C:\Users\itay\IdeaProjects\shanitay\apache-tomcat-7.0.27\webapps\manager
17/05/2012 12:27:30 org.apache.catalina.startup.HostConfig deployDirectory
INFO: Deploying web application directory C:\Users\itay\IdeaProjects\shanitay\apache-tomcat-7.0.27\webapps\ROOT
17/05/2012 12:27:30 org.apache.catalina.startup.HostConfig deployDirectory
INFO: Deploying web application directory C:\Users\itay\IdeaProjects\shanitay\apache-tomcat-7.0.27\webapps\shanitay-1.0-SNAPSHOT
17/05/2012 12:27:30 org.apache.coyote.AbstractProtocol start
INFO: Starting ProtocolHandler ["http-bio-8080"]
17/05/2012 12:27:30 org.apache.coyote.AbstractProtocol start
INFO: Starting ProtocolHandler ["ajp-bio-8009"]
17/05/2012 12:27:30 org.apache.catalina.startup.Catalina start
INFO: Server startup in 1379 ms
17/05/2012 12:32:37 org.apache.catalina.core.AprLifecycleListener init
INFO: The APR based Apache Tomcat Native library which allows optimal performance in production environments was not found on the java.library.path: C:\Program Files (x86)\Java\jdk1.6.0_24\bin;.;C:\Windows\Sun\Java\bin;C:\Windows\system32;C:\Windows;C:\Program Files (x86)\JetBrains\IntelliJ IDEA 11.1.1\bin\..\.\bin;C:\Windows\system32;C:\Windows;C:\Windows\System32\Wbem;C:\Windows\System32\WindowsPowerShell\v1.0\;C:\Program Files (x86)\Java\jdk1.6.0_24\bin;C:\Program Files (x86)\Common Files\Roxio Shared\DLLShared\;C:\Program Files (x86)\Common Files\Roxio Shared\10.0\DLLShared\;C:\Program Files\MATLAB\R2008b\bin;C:\Program Files\MATLAB\R2008b\bin\win64;C:\Program Files\TortoiseSVN\bin;C:\Program Files (x86)\apache-ant-1.8.2\bin;C:\Users\itay\IdeaProjects\undermind\release;C:\Program Files (x86)\QuickTime\QTSystem\;C:\Program Files (x86)\Git\cmd;C:\Program Files (x86)\apache-maven-3.0.4\bin;c:\program files (x86)\jetbrains\intellij idea 11.1.1\jre\jre\bin
17/05/2012 12:32:37 org.apache.coyote.AbstractProtocol init
INFO: Initializing ProtocolHandler ["http-bio-8080"]
17/05/2012 12:32:37 org.apache.coyote.AbstractProtocol init
INFO: Initializing ProtocolHandler ["ajp-bio-8009"]
17/05/2012 12:32:37 org.apache.catalina.startup.Catalina load
INFO: Initialization processed in 827 ms
17/05/2012 12:32:37 org.apache.catalina.core.StandardService startInternal
INFO: Starting service Catalina
17/05/2012 12:32:37 org.apache.catalina.core.StandardEngine startInternal
INFO: Starting Servlet Engine: Apache Tomcat/7.0.27
17/05/2012 12:32:37 org.apache.catalina.startup.HostConfig deployDirectory
INFO: Deploying web application directory C:\Users\itay\IdeaProjects\shanitay\apache-tomcat-7.0.27\webapps\docs
17/05/2012 12:32:38 org.apache.catalina.startup.HostConfig deployDirectory
INFO: Deploying web application directory C:\Users\itay\IdeaProjects\shanitay\apache-tomcat-7.0.27\webapps\examples
17/05/2012 12:32:38 org.apache.catalina.startup.HostConfig deployDirectory
INFO: Deploying web application directory C:\Users\itay\IdeaProjects\shanitay\apache-tomcat-7.0.27\webapps\host-manager
17/05/2012 12:32:38 org.apache.catalina.startup.HostConfig deployDirectory
INFO: Deploying web application directory C:\Users\itay\IdeaProjects\shanitay\apache-tomcat-7.0.27\webapps\manager
17/05/2012 12:32:38 org.apache.catalina.startup.HostConfig deployDirectory
INFO: Deploying web application directory C:\Users\itay\IdeaProjects\shanitay\apache-tomcat-7.0.27\webapps\ROOT
17/05/2012 12:32:39 org.apache.catalina.startup.HostConfig deployDirectory
INFO: Deploying web application directory C:\Users\itay\IdeaProjects\shanitay\apache-tomcat-7.0.27\webapps\shanitay-1.0-SNAPSHOT
17/05/2012 12:32:39 org.apache.coyote.AbstractProtocol start
INFO: Starting ProtocolHandler ["http-bio-8080"]
17/05/2012 12:32:39 org.apache.coyote.AbstractProtocol start
INFO: Starting ProtocolHandler ["ajp-bio-8009"]
17/05/2012 12:32:39 org.apache.catalina.startup.Catalina start
INFO: Server startup in 1808 ms
17/05/2012 12:39:17 org.apache.catalina.core.AprLifecycleListener init
INFO: The APR based Apache Tomcat Native library which allows optimal performance in production environments was not found on the java.library.path: C:\Program Files (x86)\Java\jdk1.6.0_24\bin;.;C:\Windows\Sun\Java\bin;C:\Windows\system32;C:\Windows;C:\Program Files (x86)\JetBrains\IntelliJ IDEA 11.1.1\bin\..\.\bin;C:\Windows\system32;C:\Windows;C:\Windows\System32\Wbem;C:\Windows\System32\WindowsPowerShell\v1.0\;C:\Program Files (x86)\Java\jdk1.6.0_24\bin;C:\Program Files (x86)\Common Files\Roxio Shared\DLLShared\;C:\Program Files (x86)\Common Files\Roxio Shared\10.0\DLLShared\;C:\Program Files\MATLAB\R2008b\bin;C:\Program Files\MATLAB\R2008b\bin\win64;C:\Program Files\TortoiseSVN\bin;C:\Program Files (x86)\apache-ant-1.8.2\bin;C:\Users\itay\IdeaProjects\undermind\release;C:\Program Files (x86)\QuickTime\QTSystem\;C:\Program Files (x86)\Git\cmd;C:\Program Files (x86)\apache-maven-3.0.4\bin;c:\program files (x86)\jetbrains\intellij idea 11.1.1\jre\jre\bin
17/05/2012 12:39:18 org.apache.coyote.AbstractProtocol init
INFO: Initializing ProtocolHandler ["http-bio-8080"]
17/05/2012 12:39:18 org.apache.coyote.AbstractProtocol init
INFO: Initializing ProtocolHandler ["ajp-bio-8009"]
17/05/2012 12:39:18 org.apache.catalina.startup.Catalina load
INFO: Initialization processed in 1149 ms
17/05/2012 12:39:18 org.apache.catalina.core.StandardService startInternal
INFO: Starting service Catalina
17/05/2012 12:39:18 org.apache.catalina.core.StandardEngine startInternal
INFO: Starting Servlet Engine: Apache Tomcat/7.0.27
17/05/2012 12:39:18 org.apache.catalina.startup.HostConfig deployDirectory
INFO: Deploying web application directory C:\Users\itay\IdeaProjects\shanitay\apache-tomcat-7.0.27\webapps\docs
17/05/2012 12:39:18 org.apache.catalina.startup.HostConfig deployDirectory
INFO: Deploying web application directory C:\Users\itay\IdeaProjects\shanitay\apache-tomcat-7.0.27\webapps\examples
17/05/2012 12:39:18 org.apache.catalina.startup.HostConfig deployDirectory
INFO: Deploying web application directory C:\Users\itay\IdeaProjects\shanitay\apache-tomcat-7.0.27\webapps\host-manager
17/05/2012 12:39:18 org.apache.catalina.startup.HostConfig deployDirectory
INFO: Deploying web application directory C:\Users\itay\IdeaProjects\shanitay\apache-tomcat-7.0.27\webapps\manager
17/05/2012 12:39:18 org.apache.catalina.startup.HostConfig deployDirectory
INFO: Deploying web application directory C:\Users\itay\IdeaProjects\shanitay\apache-tomcat-7.0.27\webapps\ROOT
17/05/2012 12:39:18 org.apache.catalina.startup.HostConfig deployDirectory
INFO: Deploying web application directory C:\Users\itay\IdeaProjects\shanitay\apache-tomcat-7.0.27\webapps\shanitay-1.0-SNAPSHOT
17/05/2012 12:39:18 org.apache.coyote.AbstractProtocol start
INFO: Starting ProtocolHandler ["http-bio-8080"]
17/05/2012 12:39:18 org.apache.coyote.AbstractProtocol start
INFO: Starting ProtocolHandler ["ajp-bio-8009"]
17/05/2012 12:39:18 org.apache.catalina.startup.Catalina start
INFO: Server startup in 859 ms
17/05/2012 12:58:19 org.apache.catalina.core.AprLifecycleListener init
INFO: The APR based Apache Tomcat Native library which allows optimal performance in production environments was not found on the java.library.path: C:\Program Files (x86)\Java\jdk1.6.0_24\bin;.;C:\Windows\Sun\Java\bin;C:\Windows\system32;C:\Windows;C:\Program Files (x86)\JetBrains\IntelliJ IDEA 11.1.1\bin\..\.\bin;C:\Windows\system32;C:\Windows;C:\Windows\System32\Wbem;C:\Windows\System32\WindowsPowerShell\v1.0\;C:\Program Files (x86)\Java\jdk1.6.0_24\bin;C:\Program Files (x86)\Common Files\Roxio Shared\DLLShared\;C:\Program Files (x86)\Common Files\Roxio Shared\10.0\DLLShared\;C:\Program Files\MATLAB\R2008b\bin;C:\Program Files\MATLAB\R2008b\bin\win64;C:\Program Files\TortoiseSVN\bin;C:\Program Files (x86)\apache-ant-1.8.2\bin;C:\Users\itay\IdeaProjects\undermind\release;C:\Program Files (x86)\QuickTime\QTSystem\;C:\Program Files (x86)\Git\cmd;C:\Program Files (x86)\apache-maven-3.0.4\bin;c:\program files (x86)\jetbrains\intellij idea 11.1.1\jre\jre\bin
17/05/2012 12:58:19 org.apache.coyote.AbstractProtocol init
INFO: Initializing ProtocolHandler ["http-bio-8080"]
17/05/2012 12:58:19 org.apache.coyote.AbstractProtocol init
INFO: Initializing ProtocolHandler ["ajp-bio-8009"]
17/05/2012 12:58:19 org.apache.catalina.startup.Catalina load
INFO: Initialization processed in 1106 ms
17/05/2012 12:58:19 org.apache.catalina.core.StandardService startInternal
INFO: Starting service Catalina
17/05/2012 12:58:19 org.apache.catalina.core.StandardEngine startInternal
INFO: Starting Servlet Engine: Apache Tomcat/7.0.27
17/05/2012 12:58:20 org.apache.catalina.startup.HostConfig deployDirectory
INFO: Deploying web application directory C:\Users\itay\IdeaProjects\shanitay\apache-tomcat-7.0.27\webapps\docs
17/05/2012 12:58:21 org.apache.catalina.util.SessionIdGenerator createSecureRandom
INFO: Creation of SecureRandom instance for session ID generation using [SHA1PRNG] took [239] milliseconds.
17/05/2012 12:58:21 org.apache.catalina.startup.HostConfig deployDirectory
INFO: Deploying web application directory C:\Users\itay\IdeaProjects\shanitay\apache-tomcat-7.0.27\webapps\examples
17/05/2012 12:58:21 org.apache.catalina.startup.HostConfig deployDirectory
INFO: Deploying web application directory C:\Users\itay\IdeaProjects\shanitay\apache-tomcat-7.0.27\webapps\host-manager
17/05/2012 12:58:21 org.apache.catalina.startup.HostConfig deployDirectory
INFO: Deploying web application directory C:\Users\itay\IdeaProjects\shanitay\apache-tomcat-7.0.27\webapps\manager
17/05/2012 12:58:21 org.apache.catalina.startup.HostConfig deployDirectory
INFO: Deploying web application directory C:\Users\itay\IdeaProjects\shanitay\apache-tomcat-7.0.27\webapps\ROOT
17/05/2012 12:58:21 org.apache.catalina.startup.HostConfig deployDirectory
INFO: Deploying web application directory C:\Users\itay\IdeaProjects\shanitay\apache-tomcat-7.0.27\webapps\shanitay-1.0-SNAPSHOT
17/05/2012 12:58:22 org.apache.coyote.AbstractProtocol start
INFO: Starting ProtocolHandler ["http-bio-8080"]
17/05/2012 12:58:22 org.apache.coyote.AbstractProtocol start
INFO: Starting ProtocolHandler ["ajp-bio-8009"]
17/05/2012 12:58:22 org.apache.catalina.startup.Catalina start
INFO: Server startup in 2140 ms
17/05/2012 13:01:28 org.apache.catalina.core.AprLifecycleListener init
INFO: The APR based Apache Tomcat Native library which allows optimal performance in production environments was not found on the java.library.path: C:\Program Files (x86)\Java\jdk1.6.0_24\bin;.;C:\Windows\Sun\Java\bin;C:\Windows\system32;C:\Windows;C:\Program Files (x86)\JetBrains\IntelliJ IDEA 11.1.1\bin\..\.\bin;C:\Windows\system32;C:\Windows;C:\Windows\System32\Wbem;C:\Windows\System32\WindowsPowerShell\v1.0\;C:\Program Files (x86)\Java\jdk1.6.0_24\bin;C:\Program Files (x86)\Common Files\Roxio Shared\DLLShared\;C:\Program Files (x86)\Common Files\Roxio Shared\10.0\DLLShared\;C:\Program Files\MATLAB\R2008b\bin;C:\Program Files\MATLAB\R2008b\bin\win64;C:\Program Files\TortoiseSVN\bin;C:\Program Files (x86)\apache-ant-1.8.2\bin;C:\Users\itay\IdeaProjects\undermind\release;C:\Program Files (x86)\QuickTime\QTSystem\;C:\Program Files (x86)\Git\cmd;C:\Program Files (x86)\apache-maven-3.0.4\bin;c:\program files (x86)\jetbrains\intellij idea 11.1.1\jre\jre\bin
17/05/2012 13:01:29 org.apache.coyote.AbstractProtocol init
INFO: Initializing ProtocolHandler ["http-bio-8080"]
17/05/2012 13:01:29 org.apache.coyote.AbstractProtocol init
INFO: Initializing ProtocolHandler ["ajp-bio-8009"]
17/05/2012 13:01:29 org.apache.catalina.startup.Catalina load
INFO: Initialization processed in 858 ms
17/05/2012 13:01:29 org.apache.catalina.core.StandardService startInternal
INFO: Starting service Catalina
17/05/2012 13:01:29 org.apache.catalina.core.StandardEngine startInternal
INFO: Starting Servlet Engine: Apache Tomcat/7.0.27
17/05/2012 13:01:29 org.apache.catalina.startup.HostConfig deployDirectory
INFO: Deploying web application directory C:\Users\itay\IdeaProjects\shanitay\apache-tomcat-7.0.27\webapps\docs
17/05/2012 13:01:29 org.apache.catalina.startup.HostConfig deployDirectory
INFO: Deploying web application directory C:\Users\itay\IdeaProjects\shanitay\apache-tomcat-7.0.27\webapps\examples
17/05/2012 13:01:29 org.apache.catalina.startup.HostConfig deployDirectory
INFO: Deploying web application directory C:\Users\itay\IdeaProjects\shanitay\apache-tomcat-7.0.27\webapps\host-manager
17/05/2012 13:01:29 org.apache.catalina.startup.HostConfig deployDirectory
INFO: Deploying web application directory C:\Users\itay\IdeaProjects\shanitay\apache-tomcat-7.0.27\webapps\manager
17/05/2012 13:01:30 org.apache.catalina.startup.HostConfig deployDirectory
INFO: Deploying web application directory C:\Users\itay\IdeaProjects\shanitay\apache-tomcat-7.0.27\webapps\ROOT
17/05/2012 13:01:30 org.apache.catalina.startup.HostConfig deployDirectory
INFO: Deploying web application directory C:\Users\itay\IdeaProjects\shanitay\apache-tomcat-7.0.27\webapps\shanitay-1.0-SNAPSHOT
17/05/2012 13:01:30 org.apache.coyote.AbstractProtocol start
INFO: Starting ProtocolHandler ["http-bio-8080"]
17/05/2012 13:01:30 org.apache.coyote.AbstractProtocol start
INFO: Starting ProtocolHandler ["ajp-bio-8009"]
17/05/2012 13:01:30 org.apache.catalina.startup.Catalina start
INFO: Server startup in 1126 ms
17/05/2012 13:04:05 org.apache.catalina.core.AprLifecycleListener init
INFO: The APR based Apache Tomcat Native library which allows optimal performance in production environments was not found on the java.library.path: C:\Program Files (x86)\Java\jdk1.6.0_24\bin;.;C:\Windows\Sun\Java\bin;C:\Windows\system32;C:\Windows;C:\Program Files (x86)\JetBrains\IntelliJ IDEA 11.1.1\bin\..\.\bin;C:\Windows\system32;C:\Windows;C:\Windows\System32\Wbem;C:\Windows\System32\WindowsPowerShell\v1.0\;C:\Program Files (x86)\Java\jdk1.6.0_24\bin;C:\Program Files (x86)\Common Files\Roxio Shared\DLLShared\;C:\Program Files (x86)\Common Files\Roxio Shared\10.0\DLLShared\;C:\Program Files\MATLAB\R2008b\bin;C:\Program Files\MATLAB\R2008b\bin\win64;C:\Program Files\TortoiseSVN\bin;C:\Program Files (x86)\apache-ant-1.8.2\bin;C:\Users\itay\IdeaProjects\undermind\release;C:\Program Files (x86)\QuickTime\QTSystem\;C:\Program Files (x86)\Git\cmd;C:\Program Files (x86)\apache-maven-3.0.4\bin;c:\program files (x86)\jetbrains\intellij idea 11.1.1\jre\jre\bin
17/05/2012 13:04:06 org.apache.coyote.AbstractProtocol init
INFO: Initializing ProtocolHandler ["http-bio-8080"]
17/05/2012 13:04:06 org.apache.coyote.AbstractProtocol init
INFO: Initializing ProtocolHandler ["ajp-bio-8009"]
17/05/2012 13:04:06 org.apache.catalina.startup.Catalina load
INFO: Initialization processed in 1099 ms
17/05/2012 13:04:06 org.apache.catalina.core.StandardService startInternal
INFO: Starting service Catalina
17/05/2012 13:04:06 org.apache.catalina.core.StandardEngine startInternal
INFO: Starting Servlet Engine: Apache Tomcat/7.0.27
17/05/2012 13:04:06 org.apache.catalina.startup.HostConfig deployDirectory
INFO: Deploying web application directory C:\Users\itay\IdeaProjects\shanitay\apache-tomcat-7.0.27\webapps\docs
17/05/2012 13:04:06 org.apache.catalina.util.SessionIdGenerator createSecureRandom
INFO: Creation of SecureRandom instance for session ID generation using [SHA1PRNG] took [430] milliseconds.
17/05/2012 13:04:07 org.apache.catalina.startup.HostConfig deployDirectory
INFO: Deploying web application directory C:\Users\itay\IdeaProjects\shanitay\apache-tomcat-7.0.27\webapps\examples
17/05/2012 13:04:07 org.apache.catalina.startup.HostConfig deployDirectory
INFO: Deploying web application directory C:\Users\itay\IdeaProjects\shanitay\apache-tomcat-7.0.27\webapps\host-manager
17/05/2012 13:04:07 org.apache.catalina.startup.HostConfig deployDirectory
INFO: Deploying web application directory C:\Users\itay\IdeaProjects\shanitay\apache-tomcat-7.0.27\webapps\manager
17/05/2012 13:04:07 org.apache.catalina.startup.HostConfig deployDirectory
INFO: Deploying web application directory C:\Users\itay\IdeaProjects\shanitay\apache-tomcat-7.0.27\webapps\ROOT
17/05/2012 13:04:07 org.apache.catalina.startup.HostConfig deployDirectory
INFO: Deploying web application directory C:\Users\itay\IdeaProjects\shanitay\apache-tomcat-7.0.27\webapps\shanitay-1.0-SNAPSHOT
17/05/2012 13:04:07 org.apache.coyote.AbstractProtocol start
INFO: Starting ProtocolHandler ["http-bio-8080"]
17/05/2012 13:04:07 org.apache.coyote.AbstractProtocol start
INFO: Starting ProtocolHandler ["ajp-bio-8009"]
17/05/2012 13:04:07 org.apache.catalina.startup.Catalina start
INFO: Server startup in 1617 ms
